#
# There is insufficient memory for the Java Runtime Environment to continue.
# Native memory allocation (malloc) failed to allocate 144944 bytes for Chunk::new
# Possible reasons:
#   The system is out of physical RAM or swap space
#   In 32 bit mode, the process size limit was hit
# Possible solutions:
#   Reduce memory load on the system
#   Increase physical memory or swap space
#   Check if swap backing store is full
#   Use 64 bit Java on a 64 bit OS
#   Decrease Java heap size (-Xmx/-Xms)
#   Decrease number of Java threads
#   Decrease Java thread stack sizes (-Xss)
#   Set larger code cache with -XX:ReservedCodeCacheSize=
# This output file may be truncated or incomplete.
#
#  Out of Memory Error (allocation.cpp:390), pid=6060, tid=16080
#
# JRE version: Java(TM) SE Runtime Environment (8.0_91-b15) (build 1.8.0_91-b15)
# Java VM: Java HotSpot(TM) 64-Bit Server VM (25.91-b15 mixed mode windows-amd64 compressed oops)
# Failed to write core dump. Minidumps are not enabled by default on client versions of Windows
#

---------------  T H R E A D  ---------------

Current thread (0x0000000016799000):  JavaThread "C2 CompilerThread1" daemon [_thread_in_native, id=16080, stack(0x0000000016e90000,0x0000000016f90000)]

Stack: [0x0000000016e90000,0x0000000016f90000]
[error occurred during error reporting (printing stack bounds), id 0xc0000005]

Native frames: (J=compiled Java code, j=interpreted, Vv=VM code, C=native code)


Current CompileTask:
C2:  36935 3418       4       java.security.SecureClassLoader::defineClass (16 bytes)


---------------  P R O C E S S  ---------------

Java Threads: ( => current thread )
  0x000000001c3a0000 JavaThread "Build operations Thread 4" [_thread_blocked, id=7736, stack(0x000000001f270000,0x000000001f370000)]
  0x000000001c39d000 JavaThread "Build operations Thread 3" [_thread_blocked, id=6276, stack(0x000000001f170000,0x000000001f270000)]
  0x000000001c39c800 JavaThread "Build operations Thread 2" [_thread_blocked, id=6612, stack(0x000000001f070000,0x000000001f170000)]
  0x0000000017cec000 JavaThread "Build operations" [_thread_blocked, id=1968, stack(0x000000001ef70000,0x000000001f070000)]
  0x0000000017ceb800 JavaThread "Cache worker for Artifact transforms cache (C:\Users\QI\.gradle\caches\transforms-1)" [_thread_blocked, id=16452, stack(0x000000001eb30000,0x000000001ec30000)]
  0x0000000017cf1000 JavaThread "Cache worker for cache directory md-rule (C:\Users\QI\.gradle\caches\4.10.2\md-rule)" [_thread_blocked, id=11516, stack(0x000000001e760000,0x000000001e860000)]
  0x0000000017cf0000 JavaThread "Cache worker for cache directory md-supplier (C:\Users\QI\.gradle\caches\4.10.2\md-supplier)" [_thread_blocked, id=11164, stack(0x000000001ce80000,0x000000001cf80000)]
  0x0000000017cea800 JavaThread "Cache worker for journal cache (C:\Users\QI\.gradle\caches\journal-1)" [_thread_blocked, id=15572, stack(0x000000001cd80000,0x000000001ce80000)]
  0x0000000017ced800 JavaThread "Cache worker for file hash cache (E:\music\android\.gradle\4.10.2\fileHashes)" [_thread_blocked, id=9624, stack(0x000000001cb80000,0x000000001cc80000)]
  0x0000000017cef000 JavaThread "File lock request listener" [_thread_in_native, id=8576, stack(0x000000001ca80000,0x000000001cb80000)]
  0x0000000017cf1800 JavaThread "Cache worker for file hash cache (C:\Users\QI\.gradle\caches\4.10.2\fileHashes)" [_thread_blocked, id=16896, stack(0x000000001c780000,0x000000001c880000)]
  0x0000000017e5c000 JavaThread "Stdin handler" [_thread_blocked, id=6292, stack(0x0000000019510000,0x0000000019610000)]
  0x0000000017e5b800 JavaThread "Asynchronous log dispatcher for DefaultDaemonConnection: socket connection from /127.0.0.1:64809 to /127.0.0.1:64816" [_thread_blocked, id=8680, stack(0x0000000019410000,0x0000000019510000)]
  0x0000000017e3c000 JavaThread "Daemon worker" [_thread_in_native, id=15384, stack(0x0000000019310000,0x0000000019410000)]
  0x0000000017e3b800 JavaThread "Cancel handler" [_thread_blocked, id=6940, stack(0x0000000019210000,0x0000000019310000)]
  0x0000000017e36000 JavaThread "Handler for socket connection from /127.0.0.1:64809 to /127.0.0.1:64816" [_thread_in_native, id=8000, stack(0x0000000019110000,0x0000000019210000)]
  0x000000001761b000 JavaThread "Daemon" [_thread_blocked, id=912, stack(0x0000000019010000,0x0000000019110000)]
  0x00000000169fe800 JavaThread "Daemon periodic checks" [_thread_blocked, id=8120, stack(0x0000000018f10000,0x0000000019010000)]
  0x0000000017d62800 JavaThread "Incoming local TCP Connector on port 64809" [_thread_in_native, id=7516, stack(0x0000000018d60000,0x0000000018e60000)]
  0x00000000181ec800 JavaThread "Daemon health stats" [_thread_blocked, id=14068, stack(0x0000000018a60000,0x0000000018b60000)]
  0x0000000016826800 JavaThread "Service Thread" daemon [_thread_blocked, id=10864, stack(0x0000000017090000,0x0000000017190000)]
  0x00000000167a7000 JavaThread "C1 CompilerThread2" daemon [_thread_blocked, id=9264, stack(0x0000000016f90000,0x0000000017090000)]
=>0x0000000016799000 JavaThread "C2 CompilerThread1" daemon [_thread_in_native, id=16080, stack(0x0000000016e90000,0x0000000016f90000)]
  0x000000001548c000 JavaThread "C2 CompilerThread0" daemon [_thread_blocked, id=16512, stack(0x0000000016d90000,0x0000000016e90000)]
  0x0000000015440000 JavaThread "Attach Listener" daemon [_thread_blocked, id=9196, stack(0x0000000016c90000,0x0000000016d90000)]
  0x000000001543f000 JavaThread "Signal Dispatcher" daemon [_thread_blocked, id=2632, stack(0x0000000016b90000,0x0000000016c90000)]
  0x000000001541a800 JavaThread "Finalizer" daemon [_thread_blocked, id=1308, stack(0x0000000016690000,0x0000000016790000)]
  0x00000000153f8800 JavaThread "Reference Handler" daemon [_thread_blocked, id=9336, stack(0x0000000016590000,0x0000000016690000)]
  0x0000000002d5e000 JavaThread "main" [_thread_blocked, id=7440, stack(0x00000000026c0000,0x00000000027c0000)]

Other Threads:
  0x00000000153f7000 VMThread [stack: 0x0000000016490000,0x0000000016590000] [id=13324]
  0x0000000016871000 WatcherThread [stack: 0x0000000017190000,0x0000000017290000] [id=16260]

VM state:not at safepoint (normal execution)

VM Mutex/Monitor currently owned by a thread: None

Heap:
 PSYoungGen      total 49664K, used 2206K [0x00000000eab00000, 0x00000000eeb00000, 0x0000000100000000)
  eden space 39936K, 5% used [0x00000000eab00000,0x00000000ead27ab0,0x00000000ed200000)
  from space 9728K, 0% used [0x00000000ed200000,0x00000000ed200000,0x00000000edb80000)
  to   space 9728K, 0% used [0x00000000ee180000,0x00000000ee180000,0x00000000eeb00000)
 ParOldGen       total 66048K, used 16745K [0x00000000c0000000, 0x00000000c4080000, 0x00000000eab00000)
  object space 66048K, 25% used [0x00000000c0000000,0x00000000c105a530,0x00000000c4080000)
 Metaspace       used 34927K, capacity 35560K, committed 35752K, reserved 1079296K
  class space    used 4890K, capacity 5118K, committed 5168K, reserved 1048576K

Card table byte_map: [0x0000000012120000,0x0000000012330000] byte_map_base: 0x0000000011b20000

Marking Bits: (ParMarkBitMap*) 0x0000000053012f70
 Begin Bits: [0x0000000012890000, 0x0000000013890000)
 End Bits:   [0x0000000013890000, 0x0000000014890000)

Polling page: 0x00000000027c0000

CodeCache: size=245760Kb used=10938Kb max_used=10947Kb free=234821Kb
 bounds [0x0000000002d60000, 0x0000000003820000, 0x0000000011d60000]
 total_blobs=3932 nmethods=3223 adapters=621
 compilation: enabled

Compilation events (10 events):
Event: 35.716 Thread 0x00000000167a7000 nmethod 3411 0x000000000320ed10 code [0x000000000320ee80, 0x000000000320f028]
Event: 35.716 Thread 0x00000000167a7000 3413       1       java.lang.reflect.Field::getDeclaringClass (5 bytes)
Event: 35.716 Thread 0x00000000167a7000 nmethod 3413 0x000000000320e9d0 code [0x000000000320eb20, 0x000000000320ec30]
Event: 35.844 Thread 0x000000001548c000 3414       4       java.security.CodeSource::hashCode (17 bytes)
Event: 35.847 Thread 0x000000001548c000 nmethod 3414 0x0000000003207d10 code [0x0000000003207e60, 0x00000000032082a8]
Event: 35.922 Thread 0x0000000016799000 3415  s    4       java.util.jar.JarFile::getInputStream (89 bytes)
Event: 35.936 Thread 0x0000000016799000 nmethod 3415 0x000000000320a350 code [0x000000000320a500, 0x000000000320ade0]
Event: 36.192 Thread 0x000000001548c000 3416       4       java.lang.ClassLoader::defineClass (43 bytes)
Event: 36.470 Thread 0x000000001548c000 nmethod 3416 0x00000000032032d0 code [0x00000000032034c0, 0x00000000032043e0]
Event: 36.732 Thread 0x0000000016799000 3418       4       java.security.SecureClassLoader::defineClass (16 bytes)

GC Heap History (10 events):
Event: 28.125 GC heap before
{Heap before GC invocations=9 (full 1):
 PSYoungGen      total 36864K, used 36719K [0x00000000eab00000, 0x00000000edd80000, 0x0000000100000000)
  eden space 31232K, 100% used [0x00000000eab00000,0x00000000ec980000,0x00000000ec980000)
  from space 5632K, 97% used [0x00000000eca00000,0x00000000ecf5bc88,0x00000000ecf80000)
  to   space 10240K, 0% used [0x00000000ed380000,0x00000000ed380000,0x00000000edd80000)
 ParOldGen       total 46592K, used 9156K [0x00000000c0000000, 0x00000000c2d80000, 0x00000000eab00000)
  object space 46592K, 19% used [0x00000000c0000000,0x00000000c08f1060,0x00000000c2d80000)
 Metaspace       used 28143K, capacity 28640K, committed 28848K, reserved 1073152K
  class space    used 3987K, capacity 4177K, committed 4272K, reserved 1048576K
Event: 28.133 GC heap after
Heap after GC invocations=9 (full 1):
 PSYoungGen      total 40448K, used 5993K [0x00000000eab00000, 0x00000000edd00000, 0x0000000100000000)
  eden space 30720K, 0% used [0x00000000eab00000,0x00000000eab00000,0x00000000ec900000)
  from space 9728K, 61% used [0x00000000ed380000,0x00000000ed95a508,0x00000000edd00000)
  to   space 10240K, 0% used [0x00000000ec900000,0x00000000ec900000,0x00000000ed300000)
 ParOldGen       total 46592K, used 9164K [0x00000000c0000000, 0x00000000c2d80000, 0x00000000eab00000)
  object space 46592K, 19% used [0x00000000c0000000,0x00000000c08f3060,0x00000000c2d80000)
 Metaspace       used 28143K, capacity 28640K, committed 28848K, reserved 1073152K
  class space    used 3987K, capacity 4177K, committed 4272K, reserved 1048576K
}
Event: 29.475 GC heap before
{Heap before GC invocations=10 (full 1):
 PSYoungGen      total 40448K, used 36713K [0x00000000eab00000, 0x00000000edd00000, 0x0000000100000000)
  eden space 30720K, 100% used [0x00000000eab00000,0x00000000ec900000,0x00000000ec900000)
  from space 9728K, 61% used [0x00000000ed380000,0x00000000ed95a508,0x00000000edd00000)
  to   space 10240K, 0% used [0x00000000ec900000,0x00000000ec900000,0x00000000ed300000)
 ParOldGen       total 46592K, used 9164K [0x00000000c0000000, 0x00000000c2d80000, 0x00000000eab00000)
  object space 46592K, 19% used [0x00000000c0000000,0x00000000c08f3060,0x00000000c2d80000)
 Metaspace       used 29845K, capacity 30308K, committed 30640K, reserved 1075200K
  class space    used 4237K, capacity 4435K, committed 4528K, reserved 1048576K
Event: 29.491 GC heap after
Heap after GC invocations=10 (full 1):
 PSYoungGen      total 40960K, used 7100K [0x00000000eab00000, 0x00000000eea80000, 0x0000000100000000)
  eden space 30720K, 0% used [0x00000000eab00000,0x00000000eab00000,0x00000000ec900000)
  from space 10240K, 69% used [0x00000000ec900000,0x00000000ecfef218,0x00000000ed300000)
  to   space 10240K, 0% used [0x00000000ee080000,0x00000000ee080000,0x00000000eea80000)
 ParOldGen       total 46592K, used 9172K [0x00000000c0000000, 0x00000000c2d80000, 0x00000000eab00000)
  object space 46592K, 19% used [0x00000000c0000000,0x00000000c08f5060,0x00000000c2d80000)
 Metaspace       used 29845K, capacity 30308K, committed 30640K, reserved 1075200K
  class space    used 4237K, capacity 4435K, committed 4528K, reserved 1048576K
}
Event: 34.648 GC heap before
{Heap before GC invocations=11 (full 1):
 PSYoungGen      total 40960K, used 37820K [0x00000000eab00000, 0x00000000eea80000, 0x0000000100000000)
  eden space 30720K, 100% used [0x00000000eab00000,0x00000000ec900000,0x00000000ec900000)
  from space 10240K, 69% used [0x00000000ec900000,0x00000000ecfef218,0x00000000ed300000)
  to   space 10240K, 0% used [0x00000000ee080000,0x00000000ee080000,0x00000000eea80000)
 ParOldGen       total 46592K, used 9172K [0x00000000c0000000, 0x00000000c2d80000, 0x00000000eab00000)
  object space 46592K, 19% used [0x00000000c0000000,0x00000000c08f5060,0x00000000c2d80000)
 Metaspace       used 30707K, capacity 31170K, committed 31408K, reserved 1077248K
  class space    used 4345K, capacity 4525K, committed 4528K, reserved 1048576K
Event: 34.659 GC heap after
Heap after GC invocations=11 (full 1):
 PSYoungGen      total 34816K, used 4403K [0x00000000eab00000, 0x00000000ee500000, 0x0000000100000000)
  eden space 30208K, 0% used [0x00000000eab00000,0x00000000eab00000,0x00000000ec880000)
  from space 4608K, 95% used [0x00000000ee080000,0x00000000ee4cccb8,0x00000000ee500000)
  to   space 9728K, 0% used [0x00000000ed200000,0x00000000ed200000,0x00000000edb80000)
 ParOldGen       total 46592K, used 12717K [0x00000000c0000000, 0x00000000c2d80000, 0x00000000eab00000)
  object space 46592K, 27% used [0x00000000c0000000,0x00000000c0c6b400,0x00000000c2d80000)
 Metaspace       used 30707K, capacity 31170K, committed 31408K, reserved 1077248K
  class space    used 4345K, capacity 4525K, committed 4528K, reserved 1048576K
}
Event: 36.195 GC heap before
{Heap before GC invocations=12 (full 1):
 PSYoungGen      total 34816K, used 23768K [0x00000000eab00000, 0x00000000ee500000, 0x0000000100000000)
  eden space 30208K, 64% used [0x00000000eab00000,0x00000000ebde9640,0x00000000ec880000)
  from space 4608K, 95% used [0x00000000ee080000,0x00000000ee4cccb8,0x00000000ee500000)
  to   space 9728K, 0% used [0x00000000ed200000,0x00000000ed200000,0x00000000edb80000)
 ParOldGen       total 46592K, used 12717K [0x00000000c0000000, 0x00000000c2d80000, 0x00000000eab00000)
  object space 46592K, 27% used [0x00000000c0000000,0x00000000c0c6b400,0x00000000c2d80000)
 Metaspace       used 34685K, capacity 35272K, committed 35496K, reserved 1079296K
  class space    used 4863K, capacity 5086K, committed 5168K, reserved 1048576K
Event: 36.260 GC heap after
Heap after GC invocations=12 (full 1):
 PSYoungGen      total 49664K, used 4905K [0x00000000eab00000, 0x00000000eeb00000, 0x0000000100000000)
  eden space 39936K, 0% used [0x00000000eab00000,0x00000000eab00000,0x00000000ed200000)
  from space 9728K, 50% used [0x00000000ed200000,0x00000000ed6ca790,0x00000000edb80000)
  to   space 9728K, 0% used [0x00000000ee180000,0x00000000ee180000,0x00000000eeb00000)
 ParOldGen       total 46592K, used 14269K [0x00000000c0000000, 0x00000000c2d80000, 0x00000000eab00000)
  object space 46592K, 30% used [0x00000000c0000000,0x00000000c0def420,0x00000000c2d80000)
 Metaspace       used 34685K, capacity 35272K, committed 35496K, reserved 1079296K
  class space    used 4863K, capacity 5086K, committed 5168K, reserved 1048576K
}
Event: 36.260 GC heap before
{Heap before GC invocations=13 (full 2):
 PSYoungGen      total 49664K, used 4905K [0x00000000eab00000, 0x00000000eeb00000, 0x0000000100000000)
  eden space 39936K, 0% used [0x00000000eab00000,0x00000000eab00000,0x00000000ed200000)
  from space 9728K, 50% used [0x00000000ed200000,0x00000000ed6ca790,0x00000000edb80000)
  to   space 9728K, 0% used [0x00000000ee180000,0x00000000ee180000,0x00000000eeb00000)
 ParOldGen       total 46592K, used 14269K [0x00000000c0000000, 0x00000000c2d80000, 0x00000000eab00000)
  object space 46592K, 30% used [0x00000000c0000000,0x00000000c0def420,0x00000000c2d80000)
 Metaspace       used 34685K, capacity 35272K, committed 35496K, reserved 1079296K
  class space    used 4863K, capacity 5086K, committed 5168K, reserved 1048576K
Event: 36.439 GC heap after
Heap after GC invocations=13 (full 2):
 PSYoungGen      total 49664K, used 0K [0x00000000eab00000, 0x00000000eeb00000, 0x0000000100000000)
  eden space 39936K, 0% used [0x00000000eab00000,0x00000000eab00000,0x00000000ed200000)
  from space 9728K, 0% used [0x00000000ed200000,0x00000000ed200000,0x00000000edb80000)
  to   space 9728K, 0% used [0x00000000ee180000,0x00000000ee180000,0x00000000eeb00000)
 ParOldGen       total 66048K, used 16745K [0x00000000c0000000, 0x00000000c4080000, 0x00000000eab00000)
  object space 66048K, 25% used [0x00000000c0000000,0x00000000c105a530,0x00000000c4080000)
 Metaspace       used 34685K, capacity 35272K, committed 35496K, reserved 1079296K
  class space    used 4863K, capacity 5086K, committed 5168K, reserved 1048576K
}

Deoptimization events (10 events):
Event: 33.101 Thread 0x0000000017e3c000 Uncommon trap: reason=unstable_if action=reinterpret pc=0x00000000035ba8c4 method=org.codehaus.groovy.reflection.CachedMethod.compareToMethod(Ljava/lang/reflect/Method;)I @ 71
Event: 34.630 Thread 0x0000000017e3c000 Uncommon trap: reason=bimorphic action=maybe_recompile pc=0x00000000032c60ac method=java.lang.ClassLoader.getPackage(Ljava/lang/String;)Ljava/lang/Package; @ 47
Event: 34.630 Thread 0x0000000017e3c000 Uncommon trap: reason=bimorphic action=maybe_recompile pc=0x00000000032c60ac method=java.lang.ClassLoader.getPackage(Ljava/lang/String;)Ljava/lang/Package; @ 47
Event: 34.630 Thread 0x0000000017e3c000 Uncommon trap: reason=bimorphic action=maybe_recompile pc=0x00000000032c60ac method=java.lang.ClassLoader.getPackage(Ljava/lang/String;)Ljava/lang/Package; @ 47
Event: 34.631 Thread 0x0000000017e3c000 Uncommon trap: reason=bimorphic action=maybe_recompile pc=0x00000000032c60ac method=java.lang.ClassLoader.getPackage(Ljava/lang/String;)Ljava/lang/Package; @ 47
Event: 34.841 Thread 0x0000000017e3c000 Uncommon trap: reason=class_check action=maybe_recompile pc=0x00000000032cc994 method=java.io.BufferedInputStream.read1([BII)I @ 39
Event: 34.841 Thread 0x0000000017e3c000 Uncommon trap: reason=class_check action=maybe_recompile pc=0x00000000032cf280 method=java.util.Properties$LineReader.readLine()I @ 410
Event: 34.841 Thread 0x0000000017e3c000 Uncommon trap: reason=class_check action=maybe_recompile pc=0x00000000032cc994 method=java.io.BufferedInputStream.read1([BII)I @ 39
Event: 34.841 Thread 0x0000000017e3c000 Uncommon trap: reason=class_check action=maybe_recompile pc=0x00000000032cc994 method=java.io.BufferedInputStream.read1([BII)I @ 39
Event: 35.244 Thread 0x0000000017e3c000 Uncommon trap: reason=predicate action=maybe_recompile pc=0x00000000036f6228 method=java.util.Arrays.binarySearch0([Ljava/lang/Object;IILjava/lang/Object;Ljava/util/Comparator;)I @ 28

Internal exceptions (10 events):
Event: 34.597 Thread 0x0000000017e3c000 Exception <a 'java/security/PrivilegedActionException'> (0x00000000ec822708) thrown at [C:\re\workspace\8-2-build-windows-amd64-cygwin\jdk8u91\7017\hotspot\src\share\vm\prims\jvm.cpp, line 1386]
Event: 34.597 Thread 0x0000000017e3c000 Exception <a 'java/security/PrivilegedActionException'> (0x00000000ec8230b8) thrown at [C:\re\workspace\8-2-build-windows-amd64-cygwin\jdk8u91\7017\hotspot\src\share\vm\prims\jvm.cpp, line 1386]
Event: 34.597 Thread 0x0000000017e3c000 Exception <a 'java/security/PrivilegedActionException'> (0x00000000ec82d700) thrown at [C:\re\workspace\8-2-build-windows-amd64-cygwin\jdk8u91\7017\hotspot\src\share\vm\prims\jvm.cpp, line 1386]
Event: 34.598 Thread 0x0000000017e3c000 Exception <a 'java/security/PrivilegedActionException'> (0x00000000ec82e0b0) thrown at [C:\re\workspace\8-2-build-windows-amd64-cygwin\jdk8u91\7017\hotspot\src\share\vm\prims\jvm.cpp, line 1386]
Event: 34.598 Thread 0x0000000017e3c000 Exception <a 'java/security/PrivilegedActionException'> (0x00000000ec830850) thrown at [C:\re\workspace\8-2-build-windows-amd64-cygwin\jdk8u91\7017\hotspot\src\share\vm\prims\jvm.cpp, line 1386]
Event: 34.598 Thread 0x0000000017e3c000 Exception <a 'java/security/PrivilegedActionException'> (0x00000000ec831200) thrown at [C:\re\workspace\8-2-build-windows-amd64-cygwin\jdk8u91\7017\hotspot\src\share\vm\prims\jvm.cpp, line 1386]
Event: 34.598 Thread 0x0000000017e3c000 Exception <a 'java/security/PrivilegedActionException'> (0x00000000ec833b80) thrown at [C:\re\workspace\8-2-build-windows-amd64-cygwin\jdk8u91\7017\hotspot\src\share\vm\prims\jvm.cpp, line 1386]
Event: 34.598 Thread 0x0000000017e3c000 Exception <a 'java/security/PrivilegedActionException'> (0x00000000ec834530) thrown at [C:\re\workspace\8-2-build-windows-amd64-cygwin\jdk8u91\7017\hotspot\src\share\vm\prims\jvm.cpp, line 1386]
Event: 34.601 Thread 0x0000000017e3c000 Exception <a 'java/lang/ClassNotFoundException': org/gradle/api/internal/plugins/DefaultObjectConfigurationActionBeanInfo> (0x00000000ec8485e8) thrown at [C:\re\workspace\8-2-build-windows-amd64-cygwin\jdk8u91\7017\hotspot\src\share\vm\classfile\systemDict›Ô+§MA@
Event: 34.602 Thread 0x0000000017e3c000 Exception <a 'java/lang/ClassNotFoundException': org/gradle/api/internal/plugins/DefaultObjectConfigurationActionCustomizer> (0x00000000ec88f920) thrown at [C:\re\workspace\8-2-build-windows-amd64-cygwin\jdk8u91\7017\hotspot\src\share\vm\classfile\systemDiù´`cLA@

Events (10 events):
Event: 36.601 loading class com/google/common/hash/Hashing
Event: 36.601 loading class com/google/common/hash/Hashing done
Event: 36.669 loading class com/google/common/hash/HashFunction
Event: 36.669 loading class com/google/common/hash/HashFunction done
Event: 36.680 loading class java/security/Key
Event: 36.732 loading class java/security/Key done
Event: 36.732 loading class com/google/common/hash/Hashing$Sha256Holder
Event: 36.732 loading class com/google/common/hash/Hashing$Sha256Holder done
Event: 36.732 loading class com/google/common/hash/MessageDigestHashFunction
Event: 36.732 loading class com/google/common/hash/MessageDigestHashFunction done


Dynamic libraries:
0x00007ff7aaf80000 - 0x00007ff7aafb7000 	C:\Program Files\Java\jdk1.8.0_91\bin\java.exe
0x00007ffb56100000 - 0x00007ffb562e1000 	C:\WINDOWS\SYSTEM32\ntdll.dll
0x00007ffb54080000 - 0x00007ffb54131000 	C:\WINDOWS\System32\KERNEL32.DLL
0x00007ffb52f70000 - 0x00007ffb531e3000 	C:\WINDOWS\System32\KERNELBASE.dll
0x00007ffb54650000 - 0x00007ffb546f1000 	C:\WINDOWS\System32\ADVAPI32.dll
0x00007ffb53cf0000 - 0x00007ffb53d8e000 	C:\WINDOWS\System32\msvcrt.dll
0x00007ffb545f0000 - 0x00007ffb5464b000 	C:\WINDOWS\System32\sechost.dll
0x00007ffb53d90000 - 0x00007ffb53eb4000 	C:\WINDOWS\System32\RPCRT4.dll
0x00007ffb53ec0000 - 0x00007ffb54050000 	C:\WINDOWS\System32\USER32.dll
0x00007ffb52760000 - 0x00007ffb52780000 	C:\WINDOWS\System32\win32u.dll
0x00007ffb54050000 - 0x00007ffb54078000 	C:\WINDOWS\System32\GDI32.dll
0x00007ffb533f0000 - 0x00007ffb53582000 	C:\WINDOWS\System32\gdi32full.dll
0x00007ffb524d0000 - 0x00007ffb5256f000 	C:\WINDOWS\System32\msvcp_win.dll
0x00007ffb53240000 - 0x00007ffb53338000 	C:\WINDOWS\System32\ucrtbase.dll
0x00007ffb470a0000 - 0x00007ffb47309000 	C:\WINDOWS\WinSxS\amd64_microsoft.windows.common-controls_6595b64144ccf1df_6.0.17134.706_none_fb43a2cb30647007\COMCTL32.dll
0x00007ffb53730000 - 0x00007ffb53a52000 	C:\WINDOWS\System32\combase.dll
0x00007ffb52780000 - 0x00007ffb527fa000 	C:\WINDOWS\System32\bcryptPrimitives.dll
0x00007ffb55f80000 - 0x00007ffb55fad000 	C:\WINDOWS\System32\IMM32.DLL
0x00000000530a0000 - 0x0000000053172000 	C:\Program Files\Java\jdk1.8.0_91\jre\bin\msvcr100.dll
0x0000000052800000 - 0x0000000053093000 	C:\Program Files\Java\jdk1.8.0_91\jre\bin\server\jvm.dll
0x00007ffb55fb0000 - 0x00007ffb55fb8000 	C:\WINDOWS\System32\PSAPI.DLL
0x00007ffb4e500000 - 0x00007ffb4e523000 	C:\WINDOWS\SYSTEM32\WINMM.dll
0x00007ffb4d140000 - 0x00007ffb4d14a000 	C:\WINDOWS\SYSTEM32\VERSION.dll
0x00007ffb51250000 - 0x00007ffb51259000 	C:\WINDOWS\SYSTEM32\WSOCK32.dll
0x00007ffb55cc0000 - 0x00007ffb55d2c000 	C:\WINDOWS\System32\WS2_32.dll
0x00007ffb4e4d0000 - 0x00007ffb4e4fa000 	C:\WINDOWS\SYSTEM32\winmmbase.dll
0x00007ffb531f0000 - 0x00007ffb53239000 	C:\WINDOWS\System32\cfgmgr32.dll
0x00000000527f0000 - 0x00000000527ff000 	C:\Program Files\Java\jdk1.8.0_91\jre\bin\verify.dll
0x00000000527c0000 - 0x00000000527e9000 	C:\Program Files\Java\jdk1.8.0_91\jre\bin\java.dll
0x00000000527a0000 - 0x00000000527b6000 	C:\Program Files\Java\jdk1.8.0_91\jre\bin\zip.dll
0x00007ffb54880000 - 0x00007ffb55cc0000 	C:\WINDOWS\System32\SHELL32.dll
0x00007ffb55fc0000 - 0x00007ffb56069000 	C:\WINDOWS\System32\shcore.dll
0x00007ffb52860000 - 0x00007ffb52f6d000 	C:\WINDOWS\System32\windows.storage.dll
0x00007ffb55f20000 - 0x00007ffb55f71000 	C:\WINDOWS\System32\shlwapi.dll
0x00007ffb52490000 - 0x00007ffb524a1000 	C:\WINDOWS\System32\kernel.appcore.dll
0x00007ffb524b0000 - 0x00007ffb524cf000 	C:\WINDOWS\System32\profapi.dll
0x00007ffb52420000 - 0x00007ffb5246c000 	C:\WINDOWS\System32\powrprof.dll
0x00007ffb52410000 - 0x00007ffb5241a000 	C:\WINDOWS\System32\FLTLIB.DLL
0x0000000052780000 - 0x000000005279a000 	C:\Program Files\Java\jdk1.8.0_91\jre\bin\net.dll
0x00007ffb51c10000 - 0x00007ffb51c76000 	C:\WINDOWS\system32\mswsock.dll
0x0000000052760000 - 0x0000000052771000 	C:\Program Files\Java\jdk1.8.0_91\jre\bin\nio.dll
0x00007ffb4b320000 - 0x00007ffb4b33e000 	C:\Users\QI\.gradle\native\25\windows-amd64\native-platform.dll
0x0000000052750000 - 0x000000005275d000 	C:\Program Files\Java\jdk1.8.0_91\jre\bin\management.dll
0x00007ffb51dc0000 - 0x00007ffb51dd7000 	C:\WINDOWS\SYSTEM32\CRYPTSP.dll
0x00007ffb517f0000 - 0x00007ffb51823000 	C:\WINDOWS\system32\rsaenh.dll
0x00007ffb51f50000 - 0x00007ffb51f75000 	C:\WINDOWS\SYSTEM32\bcrypt.dll
0x00007ffb52310000 - 0x00007ffb52338000 	C:\WINDOWS\SYSTEM32\USERENV.dll
0x00007ffb51de0000 - 0x00007ffb51deb000 	C:\WINDOWS\SYSTEM32\CRYPTBASE.dll
0x00007ffb51990000 - 0x00007ffb519c8000 	C:\WINDOWS\SYSTEM32\IPHLPAPI.DLL
0x00007ffb53c40000 - 0x00007ffb53c48000 	C:\WINDOWS\System32\NSI.dll
0x00007ffb4c090000 - 0x00007ffb4c0a6000 	C:\WINDOWS\SYSTEM32\dhcpcsvc6.DLL
0x00007ffb4c060000 - 0x00007ffb4c07a000 	C:\WINDOWS\SYSTEM32\dhcpcsvc.DLL

VM Arguments:
jvm_args: -XX:+HeapDumpOnOutOfMemoryError -Xmx1024m -Dfile.encoding=GBK -Duser.country=CN -Duser.language=zh -Duser.variant 
java_command: org.gradle.launcher.daemon.bootstrap.GradleDaemon 4.10.2
java_class_path (initial): C:\Users\QI\.gradle\wrapper\dists\gradle-4.10.2-all\9fahxiiecdb76a5g3aw9oi8rv\gradle-4.10.2\lib\gradle-launcher-4.10.2.jar
Launcher Type: SUN_STANDARD

Environment Variables:
JAVA_HOME=C:\Program Files\Java\jdk1.8.0_91
CLASSPATH=E:\music\android\\gradle\wrapper\gradle-wrapper.jar
PATH=C:\Users\QI\bin;C:\Program Files\Git\mingw64\bin;C:\Program Files\Git\usr\local\bin;C:\Program Files\Git\usr\bin;C:\Program Files\Git\usr\bin;C:\Program Files\Git\mingw64\bin;C:\Program Files\Git\usr\bin;C:\Users\QI\bin;C:\Program Files\Java\jdk1.8.0_91\bin;C:\ProgramData\Oracle\Java\javapath;C:\Program Files (x86)\NVIDIA Corporation\PhysX\Common;C:\WINDOWS\system32;C:\WINDOWS;C:\WINDOWS\System32\Wbem;C:\WINDOWS\System32\WindowsPowerShell\v1.0;C:\WINDOWS\System32\OpenSSH;C:\Program Files\Git\cmd;E:\node;C:\Users\QI\AppData\Local\Programs\Python\Python37\Scripts;C:\Users\QI\AppData\Local\Programs\Python\Python37;C:\Users\QI\AppData\Local\Microsoft\WindowsApps;C:\Users\QI\AppData\Local\Programs\Microsoft VS Code\bin;E:\mysql-5.7.25-winx64\bin;C:\Python27\Scripts;C:\Python27;C:\Users\QI\AppData\Roaming\npm;C:\Program Files\Git\usr\bin\vendor_perl;C:\Program Files\Git\usr\bin\core_perl
USERNAME=QI
SHELL=C:\Program Files\Git\usr\bin\bash.exe
DISPLAY=needs-to-be-defined
OS=Windows_NT
PROCESSOR_IDENTIFIER=Intel64 Family 6 Model 78 Stepping 3, GenuineIntel



---------------  S Y S T E M  ---------------

OS: Windows 10.0 , 64 bit Build 17134 (10.0.17134.706)

CPU:total 4 (2 cores per cpu, 2 threads per core) family 6 model 78 stepping 3, cmov, cx8, fxsr, mmx, sse, sse2, sse3, ssse3, sse4.1, sse4.2, popcnt, avx, avx2, aes, clmul, erms, 3dnowpref, lzcnt, ht, tsc, tscinvbit, bmi1, bmi2, adx

Memory: 4k page, physical 8223680k(985412k free), swap 11369408k(3688k free)

vm_info: Java HotSpot(TM) 64-Bit Server VM (25.91-b15) for windows-amd64 JRE (1.8.0_91-b15), built on May 20 2016 17:43:15 by "java_re" with MS VC++ 10.0 (VS2010)

time: Thu May 09 23:17:24 2019
elapsed time: 37 seconds (0d 0h 0m 37s)

