#
# There is insufficient memory for the Java Runtime Environment to continue.
# Native memory allocation (malloc) failed to allocate 409136 bytes for Chunk::new
# Possible reasons:
#   The system is out of physical RAM or swap space
#   In 32 bit mode, the process size limit was hit
# Possible solutions:
#   Reduce memory load on the system
#   Increase physical memory or swap space
#   Check if swap backing store is full
#   Use 64 bit Java on a 64 bit OS
#   Decrease Java heap size (-Xmx/-Xms)
#   Decrease number of Java threads
#   Decrease Java thread stack sizes (-Xss)
#   Set larger code cache with -XX:ReservedCodeCacheSize=
# This output file may be truncated or incomplete.
#
#  Out of Memory Error (allocation.cpp:390), pid=14528, tid=7296
#
# JRE version: Java(TM) SE Runtime Environment (8.0_91-b15) (build 1.8.0_91-b15)
# Java VM: Java HotSpot(TM) 64-Bit Server VM (25.91-b15 mixed mode windows-amd64 compressed oops)
# Failed to write core dump. Minidumps are not enabled by default on client versions of Windows
#

---------------  T H R E A D  ---------------

Current thread (0x00000000156e1800):  JavaThread "C2 CompilerThread0" daemon [_thread_in_native, id=7296, stack(0x0000000017040000,0x0000000017140000)]

Stack: [0x0000000017040000,0x0000000017140000]
[error occurred during error reporting (printing stack bounds), id 0xc0000005]

Native frames: (J=compiled Java code, j=interpreted, Vv=VM code, C=native code)


Current CompileTask:
C2:  18931 7092       4       org.gradle.internal.serialize.kryo.StringDeduplicatingKryoBackedEncoder::writeNullableString (123 bytes)


---------------  P R O C E S S  ---------------

Java Threads: ( => current thread )
  0x000000001a71b000 JavaThread "Cache worker for Build Output Cleanup Cache (E:\music\android\.gradle\buildOutputCleanup)" [_thread_blocked, id=14176, stack(0x0000000022720000,0x0000000022820000)]
  0x000000001a71a800 JavaThread "Cache worker for task history cache (E:\music\android\.gradle\4.10.2\taskHistory)" [_thread_blocked, id=9128, stack(0x0000000022620000,0x0000000022720000)]
  0x000000001a713000 JavaThread "Task worker for ':' Thread 3" [_thread_blocked, id=14376, stack(0x0000000022520000,0x0000000022620000)]
  0x000000001a719800 JavaThread "Task worker for ':' Thread 2" [_thread_blocked, id=6424, stack(0x0000000022420000,0x0000000022520000)]
  0x000000001a719000 JavaThread "Task worker for ':'" [_thread_blocked, id=13896, stack(0x0000000022320000,0x0000000022420000)]
  0x000000001a711800 JavaThread "Cache worker for file content cache (E:\music\android\.gradle\4.10.2\fileContent)" [_thread_blocked, id=1688, stack(0x0000000022220000,0x0000000022320000)]
  0x000000001a714800 JavaThread "Cache worker for file content cache (C:\Users\QI\.gradle\caches\4.10.2\fileContent)" [_thread_blocked, id=11920, stack(0x0000000022120000,0x0000000022220000)]
  0x000000001a716000 JavaThread "Memory manager" [_thread_blocked, id=13988, stack(0x0000000020900000,0x0000000020a00000)]
  0x000000001a716800 JavaThread "Build operations Thread 4" [_thread_blocked, id=13956, stack(0x0000000020340000,0x0000000020440000)]
  0x000000001a718000 JavaThread "Build operations Thread 3" [_thread_blocked, id=7500, stack(0x0000000020240000,0x0000000020340000)]
  0x0000000018749800 JavaThread "Build operations Thread 2" [_thread_blocked, id=2376, stack(0x0000000020140000,0x0000000020240000)]
  0x000000001874f800 JavaThread "Build operations" [_thread_blocked, id=11812, stack(0x0000000020040000,0x0000000020140000)]
  0x000000001874c800 JavaThread "Cache worker for Artifact transforms cache (C:\Users\QI\.gradle\caches\transforms-1)" [_thread_blocked, id=6560, stack(0x000000001fd40000,0x000000001fe40000)]
  0x000000001874e800 JavaThread "Cache worker for cache directory md-rule (C:\Users\QI\.gradle\caches\4.10.2\md-rule)" [_thread_blocked, id=14696, stack(0x000000001fc40000,0x000000001fd40000)]
  0x0000000018750000 JavaThread "Cache worker for cache directory md-supplier (C:\Users\QI\.gradle\caches\4.10.2\md-supplier)" [_thread_blocked, id=7792, stack(0x000000001fb40000,0x000000001fc40000)]
  0x000000001874b000 JavaThread "Cache worker for journal cache (C:\Users\QI\.gradle\caches\journal-1)" [_thread_blocked, id=14236, stack(0x000000001d7f0000,0x000000001d8f0000)]
  0x000000001874d000 JavaThread "Cache worker for file hash cache (E:\music\android\.gradle\4.10.2\fileHashes)" [_thread_blocked, id=13436, stack(0x000000001c2b0000,0x000000001c3b0000)]
  0x000000001874a000 JavaThread "File lock request listener" [_thread_in_native, id=10320, stack(0x000000001c1b0000,0x000000001c2b0000)]
  0x000000001874b800 JavaThread "Cache worker for file hash cache (C:\Users\QI\.gradle\caches\4.10.2\fileHashes)" [_thread_blocked, id=220, stack(0x000000001b9b0000,0x000000001bab0000)]
  0x0000000018668800 JavaThread "Stdin handler" [_thread_blocked, id=3520, stack(0x0000000019710000,0x0000000019810000)]
  0x0000000018665800 JavaThread "Asynchronous log dispatcher for DefaultDaemonConnection: socket connection from /127.0.0.1:52120 to /127.0.0.1:52121" [_thread_blocked, id=248, stack(0x0000000019610000,0x0000000019710000)]
  0x0000000018662000 JavaThread "Daemon worker" [_thread_in_native, id=11040, stack(0x0000000019510000,0x0000000019610000)]
  0x0000000018661000 JavaThread "Cancel handler" [_thread_blocked, id=10368, stack(0x0000000019410000,0x0000000019510000)]
  0x000000001865e000 JavaThread "Handler for socket connection from /127.0.0.1:52120 to /127.0.0.1:52121" [_thread_in_native, id=12120, stack(0x0000000019310000,0x0000000019410000)]
  0x0000000018654800 JavaThread "Daemon" [_thread_blocked, id=14740, stack(0x0000000019210000,0x0000000019310000)]
  0x0000000018651800 JavaThread "Daemon periodic checks" [_thread_blocked, id=5432, stack(0x0000000019110000,0x0000000019210000)]
  0x0000000018421800 JavaThread "Incoming local TCP Connector on port 52120" [_thread_in_native, id=14704, stack(0x0000000019010000,0x0000000019110000)]
  0x0000000017e8f000 JavaThread "Daemon health stats" [_thread_blocked, id=6240, stack(0x0000000018d10000,0x0000000018e10000)]
  0x0000000016ae2000 JavaThread "Service Thread" daemon [_thread_blocked, id=5176, stack(0x0000000017340000,0x0000000017440000)]
  0x0000000016a59800 JavaThread "C1 CompilerThread2" daemon [_thread_blocked, id=2268, stack(0x0000000017240000,0x0000000017340000)]
  0x0000000016a4b000 JavaThread "C2 CompilerThread1" daemon [_thread_in_native, id=7876, stack(0x0000000017140000,0x0000000017240000)]
=>0x00000000156e1800 JavaThread "C2 CompilerThread0" daemon [_thread_in_native, id=7296, stack(0x0000000017040000,0x0000000017140000)]
  0x00000000156e0000 JavaThread "Attach Listener" daemon [_thread_blocked, id=11304, stack(0x0000000016f40000,0x0000000017040000)]
  0x00000000156df000 JavaThread "Signal Dispatcher" daemon [_thread_blocked, id=468, stack(0x0000000016e40000,0x0000000016f40000)]
  0x00000000156ba000 JavaThread "Finalizer" daemon [_thread_blocked, id=216, stack(0x0000000016940000,0x0000000016a40000)]
  0x0000000015698800 JavaThread "Reference Handler" daemon [_thread_blocked, id=14032, stack(0x0000000016840000,0x0000000016940000)]
  0x0000000002efe000 JavaThread "main" [_thread_blocked, id=3020, stack(0x0000000002d30000,0x0000000002e30000)]

Other Threads:
  0x0000000015697800 VMThread [stack: 0x0000000016740000,0x0000000016840000] [id=10132]
  0x0000000016b12800 WatcherThread [stack: 0x0000000017440000,0x0000000017540000] [id=13664]

VM state:not at safepoint (normal execution)

VM Mutex/Monitor currently owned by a thread: None

Heap:
 PSYoungGen      total 144384K, used 29610K [0x00000000eab00000, 0x00000000f5680000, 0x0000000100000000)
  eden space 127488K, 23% used [0x00000000eab00000,0x00000000ec7ea908,0x00000000f2780000)
  from space 16896K, 0% used [0x00000000f2780000,0x00000000f2780000,0x00000000f3800000)
  to   space 13824K, 0% used [0x00000000f3800000,0x00000000f3800000,0x00000000f4580000)
 ParOldGen       total 97280K, used 31017K [0x00000000c0000000, 0x00000000c5f00000, 0x00000000eab00000)
  object space 97280K, 31% used [0x00000000c0000000,0x00000000c1e4a588,0x00000000c5f00000)
 Metaspace       used 59088K, capacity 60706K, committed 61360K, reserved 1103872K
  class space    used 8212K, capacity 8674K, committed 8880K, reserved 1048576K

Card table byte_map: [0x00000000123c0000,0x00000000125d0000] byte_map_base: 0x0000000011dc0000

Marking Bits: (ParMarkBitMap*) 0x0000000077f72f70
 Begin Bits: [0x0000000012b30000, 0x0000000013b30000)
 End Bits:   [0x0000000013b30000, 0x0000000014b30000)

Polling page: 0x0000000000b50000

CodeCache: size=245760Kb used=19515Kb max_used=20452Kb free=226244Kb
 bounds [0x0000000003000000, 0x0000000004410000, 0x0000000012000000]
 total_blobs=7089 nmethods=6304 adapters=696
 compilation: enabled

Compilation events (10 events):
Event: 18.912 Thread 0x0000000016a59800 7107       3       org.gradle.internal.component.external.model.AbstractLazyModuleComponentResolveMetadata::getAttributesSchema (5 bytes)
Event: 18.912 Thread 0x0000000016a59800 nmethod 7107 0x0000000003170c10 code [0x0000000003170d80, 0x0000000003170f30]
Event: 18.912 Thread 0x0000000016a59800 7108       3       org.gradle.internal.component.external.model.AbstractModuleComponentResolveMetadata::getAttributesSchema (4 bytes)
Event: 18.912 Thread 0x0000000016a59800 nmethod 7108 0x0000000003baf7d0 code [0x0000000003baf920, 0x0000000003bafa70]
Event: 18.913 Thread 0x0000000016a59800 7109       3       org.gradle.api.internal.artifacts.ivyservice.projectmodule.ProjectDependencyResolver::resolveArtifacts (61 bytes)
Event: 18.914 Thread 0x0000000016a59800 nmethod 7109 0x00000000040c0010 code [0x00000000040c0200, 0x00000000040c0c28]
Event: 18.914 Thread 0x0000000016a59800 7110       3       org.gradle.api.internal.artifacts.type.DefaultArtifactTypeRegistry::applyForExtension (45 bytes)
Event: 18.915 Thread 0x0000000016a59800 nmethod 7110 0x00000000038fad90 code [0x00000000038faf40, 0x00000000038fb5b8]
Event: 18.920 Thread 0x0000000016a59800 7111       1       org.gradle.api.internal.artifacts.transform.ConsumerVariantMatchResult::getMatches (5 bytes)
Event: 18.920 Thread 0x0000000016a59800 nmethod 7111 0x0000000003ef1290 code [0x0000000003ef13e0, 0x0000000003ef14f0]

GC Heap History (10 events):
Event: 17.112 GC heap before
{Heap before GC invocations=16 (full 3):
 PSYoungGen      total 144384K, used 1344K [0x00000000eab00000, 0x00000000f5680000, 0x0000000100000000)
  eden space 127488K, 0% used [0x00000000eab00000,0x00000000eab00000,0x00000000f2780000)
  from space 16896K, 7% used [0x00000000f2780000,0x00000000f28d0000,0x00000000f3800000)
  to   space 13824K, 0% used [0x00000000f3800000,0x00000000f3800000,0x00000000f4580000)
 ParOldGen       total 97280K, used 44866K [0x00000000c0000000, 0x00000000c5f00000, 0x00000000eab00000)
  object space 97280K, 46% used [0x00000000c0000000,0x00000000c2bd0810,0x00000000c5f00000)
 Metaspace       used 57239K, capacity 58984K, committed 59160K, reserved 1099776K
  class space    used 8001K, capacity 8504K, committed 8624K, reserved 1048576K
Event: 17.501 GC heap after
Heap after GC invocations=16 (full 3):
 PSYoungGen      total 144384K, used 0K [0x00000000eab00000, 0x00000000f5680000, 0x0000000100000000)
  eden space 127488K, 0% used [0x00000000eab00000,0x00000000eab00000,0x00000000f2780000)
  from space 16896K, 0% used [0x00000000f2780000,0x00000000f2780000,0x00000000f3800000)
  to   space 13824K, 0% used [0x00000000f3800000,0x00000000f3800000,0x00000000f4580000)
 ParOldGen       total 97280K, used 36550K [0x00000000c0000000, 0x00000000c5f00000, 0x00000000eab00000)
  object space 97280K, 37% used [0x00000000c0000000,0x00000000c23b19d0,0x00000000c5f00000)
 Metaspace       used 57239K, capacity 58984K, committed 59160K, reserved 1099776K
  class space    used 8001K, capacity 8504K, committed 8624K, reserved 1048576K
}
Event: 17.954 GC heap before
{Heap before GC invocations=17 (full 3):
 PSYoungGen      total 144384K, used 24401K [0x00000000eab00000, 0x00000000f5680000, 0x0000000100000000)
  eden space 127488K, 19% used [0x00000000eab00000,0x00000000ec2d4750,0x00000000f2780000)
  from space 16896K, 0% used [0x00000000f2780000,0x00000000f2780000,0x00000000f3800000)
  to   space 13824K, 0% used [0x00000000f3800000,0x00000000f3800000,0x00000000f4580000)
 ParOldGen       total 97280K, used 36550K [0x00000000c0000000, 0x00000000c5f00000, 0x00000000eab00000)
  object space 97280K, 37% used [0x00000000c0000000,0x00000000c23b19d0,0x00000000c5f00000)
 Metaspace       used 58847K, capacity 60614K, committed 60720K, reserved 1105920K
  class space    used 8241K, capacity 8751K, committed 8752K, reserved 1048576K
Event: 17.958 GC heap after
Heap after GC invocations=17 (full 3):
 PSYoungGen      total 141312K, used 2852K [0x00000000eab00000, 0x00000000f5680000, 0x0000000100000000)
  eden space 127488K, 0% used [0x00000000eab00000,0x00000000eab00000,0x00000000f2780000)
  from space 13824K, 20% used [0x00000000f3800000,0x00000000f3ac9298,0x00000000f4580000)
  to   space 16896K, 0% used [0x00000000f2780000,0x00000000f2780000,0x00000000f3800000)
 ParOldGen       total 97280K, used 36558K [0x00000000c0000000, 0x00000000c5f00000, 0x00000000eab00000)
  object space 97280K, 37% used [0x00000000c0000000,0x00000000c23b39d0,0x00000000c5f00000)
 Metaspace       used 58847K, capacity 60614K, committed 60720K, reserved 1105920K
  class space    used 8241K, capacity 8751K, committed 8752K, reserved 1048576K
}
Event: 17.959 GC heap before
{Heap before GC invocations=18 (full 4):
 PSYoungGen      total 141312K, used 2852K [0x00000000eab00000, 0x00000000f5680000, 0x0000000100000000)
  eden space 127488K, 0% used [0x00000000eab00000,0x00000000eab00000,0x00000000f2780000)
  from space 13824K, 20% used [0x00000000f3800000,0x00000000f3ac9298,0x00000000f4580000)
  to   space 16896K, 0% used [0x00000000f2780000,0x00000000f2780000,0x00000000f3800000)
 ParOldGen       total 97280K, used 36558K [0x00000000c0000000, 0x00000000c5f00000, 0x00000000eab00000)
  object space 97280K, 37% used [0x00000000c0000000,0x00000000c23b39d0,0x00000000c5f00000)
 Metaspace       used 58847K, capacity 60614K, committed 60720K, reserved 1105920K
  class space    used 8241K, capacity 8751K, committed 8752K, reserved 1048576K
Event: 18.059 GC heap after
Heap after GC invocations=18 (full 4):
 PSYoungGen      total 141312K, used 0K [0x00000000eab00000, 0x00000000f5680000, 0x0000000100000000)
  eden space 127488K, 0% used [0x00000000eab00000,0x00000000eab00000,0x00000000f2780000)
  from space 13824K, 0% used [0x00000000f3800000,0x00000000f3800000,0x00000000f4580000)
  to   space 16896K, 0% used [0x00000000f2780000,0x00000000f2780000,0x00000000f3800000)
 ParOldGen       total 97280K, used 38762K [0x00000000c0000000, 0x00000000c5f00000, 0x00000000eab00000)
  object space 97280K, 39% used [0x00000000c0000000,0x00000000c25da850,0x00000000c5f00000)
 Metaspace       used 58847K, capacity 60614K, committed 60720K, reserved 1103872K
  class space    used 8241K, capacity 8751K, committed 8752K, reserved 1048576K
}
Event: 18.059 GC heap before
{Heap before GC invocations=19 (full 4):
 PSYoungGen      total 141312K, used 0K [0x00000000eab00000, 0x00000000f5680000, 0x0000000100000000)
  eden space 127488K, 0% used [0x00000000eab00000,0x00000000eab00000,0x00000000f2780000)
  from space 13824K, 0% used [0x00000000f3800000,0x00000000f3800000,0x00000000f4580000)
  to   space 16896K, 0% used [0x00000000f2780000,0x00000000f2780000,0x00000000f3800000)
 ParOldGen       total 97280K, used 38762K [0x00000000c0000000, 0x00000000c5f00000, 0x00000000eab00000)
  object space 97280K, 39% used [0x00000000c0000000,0x00000000c25da850,0x00000000c5f00000)
 Metaspace       used 58847K, capacity 60614K, committed 60720K, reserved 1107968K
  class space    used 8241K, capacity 8751K, committed 8752K, reserved 1048576K
Event: 18.061 GC heap after
Heap after GC invocations=19 (full 4):
 PSYoungGen      total 144384K, used 0K [0x00000000eab00000, 0x00000000f5680000, 0x0000000100000000)
  eden space 127488K, 0% used [0x00000000eab00000,0x00000000eab00000,0x00000000f2780000)
  from space 16896K, 0% used [0x00000000f2780000,0x00000000f2780000,0x00000000f3800000)
  to   space 13824K, 0% used [0x00000000f3800000,0x00000000f3800000,0x00000000f4580000)
 ParOldGen       total 97280K, used 38762K [0x00000000c0000000, 0x00000000c5f00000, 0x00000000eab00000)
  object space 97280K, 39% used [0x00000000c0000000,0x00000000c25da850,0x00000000c5f00000)
 Metaspace       used 58847K, capacity 60614K, committed 60720K, reserved 1107968K
  class space    used 8241K, capacity 8751K, committed 8752K, reserved 1048576K
}
Event: 18.061 GC heap before
{Heap before GC invocations=20 (full 5):
 PSYoungGen      total 144384K, used 0K [0x00000000eab00000, 0x00000000f5680000, 0x0000000100000000)
  eden space 127488K, 0% used [0x00000000eab00000,0x00000000eab00000,0x00000000f2780000)
  from space 16896K, 0% used [0x00000000f2780000,0x00000000f2780000,0x00000000f3800000)
  to   space 13824K, 0% used [0x00000000f3800000,0x00000000f3800000,0x00000000f4580000)
 ParOldGen       total 97280K, used 38762K [0x00000000c0000000, 0x00000000c5f00000, 0x00000000eab00000)
  object space 97280K, 39% used [0x00000000c0000000,0x00000000c25da850,0x00000000c5f00000)
 Metaspace       used 58847K, capacity 60614K, committed 60720K, reserved 1107968K
  class space    used 8241K, capacity 8751K, committed 8752K, reserved 1048576K
Event: 18.327 GC heap after
Heap after GC invocations=20 (full 5):
 PSYoungGen      total 144384K, used 0K [0x00000000eab00000, 0x00000000f5680000, 0x0000000100000000)
  eden space 127488K, 0% used [0x00000000eab00000,0x00000000eab00000,0x00000000f2780000)
  from space 16896K, 0% used [0x00000000f2780000,0x00000000f2780000,0x00000000f3800000)
  to   space 13824K, 0% used [0x00000000f3800000,0x00000000f3800000,0x00000000f4580000)
 ParOldGen       total 97280K, used 31017K [0x00000000c0000000, 0x00000000c5f00000, 0x00000000eab00000)
  object space 97280K, 31% used [0x00000000c0000000,0x00000000c1e4a588,0x00000000c5f00000)
 Metaspace       used 58570K, capacity 60156K, committed 60720K, reserved 1103872K
  class space    used 8176K, capacity 8641K, committed 8752K, reserved 1048576K
}

Deoptimization events (10 events):
Event: 18.349 Thread 0x0000000018662000 Uncommon trap: reason=unstable_if action=reinterpret pc=0x0000000003ee06f0 method=java.lang.ref.SoftReference.get()Ljava/lang/Object; @ 6
Event: 18.349 Thread 0x0000000018662000 Uncommon trap: reason=unstable_if action=reinterpret pc=0x0000000003aec26c method=java.lang.ref.SoftReference.get()Ljava/lang/Object; @ 6
Event: 18.355 Thread 0x0000000018662000 Uncommon trap: reason=unstable_if action=reinterpret pc=0x00000000035a04b4 method=java.lang.ref.SoftReference.get()Ljava/lang/Object; @ 6
Event: 18.360 Thread 0x0000000018662000 Uncommon trap: reason=unstable_if action=reinterpret pc=0x00000000038d61b8 method=java.lang.ref.SoftReference.get()Ljava/lang/Object; @ 6
Event: 18.367 Thread 0x0000000018662000 Uncommon trap: reason=unstable_if action=reinterpret pc=0x0000000003d77c44 method=java.util.concurrent.ConcurrentHashMap.get(Ljava/lang/Object;)Ljava/lang/Object; @ 76
Event: 18.372 Thread 0x0000000018662000 Uncommon trap: reason=unstable_if action=reinterpret pc=0x0000000003a78214 method=java.lang.ref.SoftReference.get()Ljava/lang/Object; @ 6
Event: 18.374 Thread 0x0000000018662000 Uncommon trap: reason=unstable_if action=reinterpret pc=0x0000000003cd581c method=java.lang.ref.SoftReference.get()Ljava/lang/Object; @ 6
Event: 18.374 Thread 0x0000000018662000 Uncommon trap: reason=unstable_if action=reinterpret pc=0x000000000406ac1c method=java.lang.ref.SoftReference.get()Ljava/lang/Object; @ 6
Event: 18.457 Thread 0x000000001a716800 Uncommon trap: reason=unstable_if action=reinterpret pc=0x000000000329ed64 method=java.util.HashMap.hash(Ljava/lang/Object;)I @ 1
Event: 18.724 Thread 0x000000001a716800 Uncommon trap: reason=unstable_if action=reinterpret pc=0x00000000033468ec method=java.util.concurrent.ConcurrentLinkedQueue.poll()Ljava/lang/Object; @ 25

Internal exceptions (10 events):
Event: 16.518 Thread 0x0000000018662000 Exception <a 'java/lang/ClassNotFoundException': com/android/build/gradle/internal/dsl/LintOptionsCustomizer> (0x00000000f0a61648) thrown at [C:\re\workspace\8-2-build-windows-amd64-cygwin\jdk8u91\7017\hotspot\src\share\vm\classfile\systemDictionary.cpp, lJ*T)Ö0@
Event: 16.520 Thread 0x0000000018662000 Exception <a 'java/lang/ClassNotFoundException': com/android/build/gradle/internal/dsl/LintOptions_DecoratedCustomizer> (0x00000000f0ae2c48) thrown at [C:\re\workspace\8-2-build-windows-amd64-cygwin\jdk8u91\7017\hotspot\src\share\vm\classfile\systemDictionÁ{m^ùﬁ1@
Event: 17.870 Thread 0x0000000018662000 Implicit null exception at 0x0000000003c2a9af to 0x0000000003c2aa4d
Event: 18.349 Thread 0x0000000018662000 Implicit null exception at 0x0000000003edf21c to 0x0000000003ee06d9
Event: 18.349 Thread 0x0000000018662000 Implicit null exception at 0x0000000003ae853b to 0x0000000003aec225
Event: 18.360 Thread 0x0000000018662000 Implicit null exception at 0x00000000038d5f60 to 0x00000000038d619d
Event: 18.372 Thread 0x0000000018662000 Implicit null exception at 0x0000000003a77ea5 to 0x0000000003a781f9
Event: 18.374 Thread 0x0000000018662000 Implicit null exception at 0x0000000003cd5497 to 0x0000000003cd5805
Event: 18.374 Thread 0x0000000018662000 Implicit null exception at 0x00000000040664ec to 0x000000000406abed
Event: 18.456 Thread 0x000000001a716800 Implicit null exception at 0x000000000329ebdd to 0x000000000329ed49

Events (10 events):
Event: 18.883 Thread 0x0000000016a59800 flushing nmethod 0x0000000003f7ca50
Event: 18.883 Thread 0x0000000016a59800 flushing nmethod 0x0000000003fea550
Event: 18.883 Thread 0x0000000016a59800 flushing nmethod 0x00000000040646d0
Event: 18.884 Thread 0x0000000016a59800 flushing nmethod 0x00000000040c0010
Event: 18.884 Thread 0x0000000016a59800 flushing nmethod 0x00000000040d4d50
Event: 18.884 Thread 0x0000000016a59800 flushing nmethod 0x0000000004107b50
Event: 18.884 Thread 0x0000000016a59800 flushing nmethod 0x000000000413b890
Event: 18.885 Thread 0x0000000016a59800 flushing nmethod 0x00000000042acb10
Event: 18.885 Thread 0x0000000016a59800 flushing nmethod 0x00000000042daad0
Event: 18.921 Executing VM operation: RevokeBias


Dynamic libraries:
0x00007ff78cf10000 - 0x00007ff78cf47000 	C:\Program Files\Java\jdk1.8.0_91\bin\java.exe
0x00007ffefdfb0000 - 0x00007ffefe191000 	C:\WINDOWS\SYSTEM32\ntdll.dll
0x00007ffefbe60000 - 0x00007ffefbf11000 	C:\WINDOWS\System32\KERNEL32.DLL
0x00007ffefa420000 - 0x00007ffefa693000 	C:\WINDOWS\System32\KERNELBASE.dll
0x00007ffefda20000 - 0x00007ffefdac1000 	C:\WINDOWS\System32\ADVAPI32.dll
0x00007ffefba20000 - 0x00007ffefbabe000 	C:\WINDOWS\System32\msvcrt.dll
0x00007ffefdf20000 - 0x00007ffefdf7b000 	C:\WINDOWS\System32\sechost.dll
0x00007ffefd770000 - 0x00007ffefd894000 	C:\WINDOWS\System32\RPCRT4.dll
0x00007ffefbac0000 - 0x00007ffefbc50000 	C:\WINDOWS\System32\USER32.dll
0x00007ffefa8f0000 - 0x00007ffefa910000 	C:\WINDOWS\System32\win32u.dll
0x00007ffefb8c0000 - 0x00007ffefb8e8000 	C:\WINDOWS\System32\GDI32.dll
0x00007ffefa990000 - 0x00007ffefab22000 	C:\WINDOWS\System32\gdi32full.dll
0x00007ffefa380000 - 0x00007ffefa41f000 	C:\WINDOWS\System32\msvcp_win.dll
0x00007ffefb290000 - 0x00007ffefb388000 	C:\WINDOWS\System32\ucrtbase.dll
0x00007ffef0500000 - 0x00007ffef0769000 	C:\WINDOWS\WinSxS\amd64_microsoft.windows.common-controls_6595b64144ccf1df_6.0.17134.706_none_fb43a2cb30647007\COMCTL32.dll
0x00007ffefbff0000 - 0x00007ffefc312000 	C:\WINDOWS\System32\combase.dll
0x00007ffefa910000 - 0x00007ffefa98a000 	C:\WINDOWS\System32\bcryptPrimitives.dll
0x00007ffefbe20000 - 0x00007ffefbe4d000 	C:\WINDOWS\System32\IMM32.DLL
0x00000000501c0000 - 0x0000000050292000 	C:\Program Files\Java\jdk1.8.0_91\jre\bin\msvcr100.dll
0x0000000077760000 - 0x0000000077ff3000 	C:\Program Files\Java\jdk1.8.0_91\jre\bin\server\jvm.dll
0x00007ffefbe50000 - 0x00007ffefbe58000 	C:\WINDOWS\System32\PSAPI.DLL
0x00007ffef8ea0000 - 0x00007ffef8ea9000 	C:\WINDOWS\SYSTEM32\WSOCK32.dll
0x00007ffefd8c0000 - 0x00007ffefd92c000 	C:\WINDOWS\System32\WS2_32.dll
0x00007ffef6510000 - 0x00007ffef6533000 	C:\WINDOWS\SYSTEM32\WINMM.dll
0x00007ffef5060000 - 0x00007ffef506a000 	C:\WINDOWS\SYSTEM32\VERSION.dll
0x00007ffef64e0000 - 0x00007ffef650a000 	C:\WINDOWS\SYSTEM32\winmmbase.dll
0x00007ffefab30000 - 0x00007ffefab79000 	C:\WINDOWS\System32\cfgmgr32.dll
0x00000000501b0000 - 0x00000000501bf000 	C:\Program Files\Java\jdk1.8.0_91\jre\bin\verify.dll
0x0000000050180000 - 0x00000000501a9000 	C:\Program Files\Java\jdk1.8.0_91\jre\bin\java.dll
0x0000000050160000 - 0x0000000050176000 	C:\Program Files\Java\jdk1.8.0_91\jre\bin\zip.dll
0x00007ffefc330000 - 0x00007ffefd770000 	C:\WINDOWS\System32\SHELL32.dll
0x00007ffefb8f0000 - 0x00007ffefb999000 	C:\WINDOWS\System32\shcore.dll
0x00007ffefab80000 - 0x00007ffefb28d000 	C:\WINDOWS\System32\windows.storage.dll
0x00007ffefbc60000 - 0x00007ffefbcb1000 	C:\WINDOWS\System32\shlwapi.dll
0x00007ffefa340000 - 0x00007ffefa351000 	C:\WINDOWS\System32\kernel.appcore.dll
0x00007ffefa360000 - 0x00007ffefa37f000 	C:\WINDOWS\System32\profapi.dll
0x00007ffefa2f0000 - 0x00007ffefa33c000 	C:\WINDOWS\System32\powrprof.dll
0x00007ffefa2e0000 - 0x00007ffefa2ea000 	C:\WINDOWS\System32\FLTLIB.DLL
0x0000000050140000 - 0x000000005015a000 	C:\Program Files\Java\jdk1.8.0_91\jre\bin\net.dll
0x00007ffef9b20000 - 0x00007ffef9b86000 	C:\WINDOWS\system32\mswsock.dll
0x0000000050120000 - 0x0000000050131000 	C:\Program Files\Java\jdk1.8.0_91\jre\bin\nio.dll
0x00007ffeda3a0000 - 0x00007ffeda3be000 	C:\Users\QI\.gradle\native\25\windows-amd64\native-platform.dll
0x0000000050110000 - 0x000000005011d000 	C:\Program Files\Java\jdk1.8.0_91\jre\bin\management.dll
0x00007ffef9d20000 - 0x00007ffef9d37000 	C:\WINDOWS\SYSTEM32\CRYPTSP.dll
0x00007ffef96a0000 - 0x00007ffef96d3000 	C:\WINDOWS\system32\rsaenh.dll
0x00007ffef9e70000 - 0x00007ffef9e95000 	C:\WINDOWS\SYSTEM32\bcrypt.dll
0x00007ffefa1f0000 - 0x00007ffefa218000 	C:\WINDOWS\SYSTEM32\USERENV.dll
0x00007ffef9d40000 - 0x00007ffef9d4b000 	C:\WINDOWS\SYSTEM32\CRYPTBASE.dll
0x00007ffef98a0000 - 0x00007ffef98d8000 	C:\WINDOWS\SYSTEM32\IPHLPAPI.DLL
0x00007ffefc320000 - 0x00007ffefc328000 	C:\WINDOWS\System32\NSI.dll
0x00007ffef4740000 - 0x00007ffef4756000 	C:\WINDOWS\SYSTEM32\dhcpcsvc6.DLL
0x00007ffef4fe0000 - 0x00007ffef4ffa000 	C:\WINDOWS\SYSTEM32\dhcpcsvc.DLL

VM Arguments:
jvm_args: -XX:+HeapDumpOnOutOfMemoryError -Xmx1024m -Dfile.encoding=GBK -Duser.country=CN -Duser.language=zh -Duser.variant 
java_command: org.gradle.launcher.daemon.bootstrap.GradleDaemon 4.10.2
java_class_path (initial): C:\Users\QI\.gradle\wrapper\dists\gradle-4.10.2-all\9fahxiiecdb76a5g3aw9oi8rv\gradle-4.10.2\lib\gradle-launcher-4.10.2.jar
Launcher Type: SUN_STANDARD

Environment Variables:
JAVA_HOME=C:\Program Files\Java\jdk1.8.0_91
CLASSPATH=E:\music\android\\gradle\wrapper\gradle-wrapper.jar
PATH=C:\Users\QI\bin;C:\Program Files\Git\mingw64\bin;C:\Program Files\Git\usr\local\bin;C:\Program Files\Git\usr\bin;C:\Program Files\Git\usr\bin;C:\Program Files\Git\mingw64\bin;C:\Program Files\Git\usr\bin;C:\Users\QI\bin;C:\Program Files\Java\jdk1.8.0_91\bin;C:\ProgramData\Oracle\Java\javapath;C:\Program Files (x86)\NVIDIA Corporation\PhysX\Common;C:\WINDOWS\system32;C:\WINDOWS;C:\WINDOWS\System32\Wbem;C:\WINDOWS\System32\WindowsPowerShell\v1.0;C:\WINDOWS\System32\OpenSSH;C:\Program Files\Git\cmd;E:\node;C:\Users\QI\AppData\Local\Programs\Python\Python37\Scripts;C:\Users\QI\AppData\Local\Programs\Python\Python37;C:\Users\QI\AppData\Local\Microsoft\WindowsApps;C:\Users\QI\AppData\Local\Programs\Microsoft VS Code\bin;E:\mysql-5.7.25-winx64\bin;C:\Python27\Scripts;C:\Python27;C:\Users\QI\AppData\Roaming\npm;C:\Program Files\Git\usr\bin\vendor_perl;C:\Program Files\Git\usr\bin\core_perl
USERNAME=QI
SHELL=C:\Program Files\Git\usr\bin\bash.exe
DISPLAY=needs-to-be-defined
OS=Windows_NT
PROCESSOR_IDENTIFIER=Intel64 Family 6 Model 78 Stepping 3, GenuineIntel



---------------  S Y S T E M  ---------------

OS: Windows 10.0 , 64 bit Build 17134 (10.0.17134.706)

CPU:total 4 (2 cores per cpu, 2 threads per core) family 6 model 78 stepping 3, cmov, cx8, fxsr, mmx, sse, sse2, sse3, ssse3, sse4.1, sse4.2, popcnt, avx, avx2, aes, clmul, erms, 3dnowpref, lzcnt, ht, tsc, tscinvbit, bmi1, bmi2, adx

Memory: 4k page, physical 8223680k(2154688k free), swap 11369408k(432k free)

vm_info: Java HotSpot(TM) 64-Bit Server VM (25.91-b15) for windows-amd64 JRE (1.8.0_91-b15), built on May 20 2016 17:43:15 by "java_re" with MS VC++ 10.0 (VS2010)

time: Tue Apr 16 14:00:43 2019
elapsed time: 18 seconds (0d 0h 0m 18s)

