#
# There is insufficient memory for the Java Runtime Environment to continue.
# Native memory allocation (malloc) failed to allocate 2102816 bytes for Chunk::new
# Possible reasons:
#   The system is out of physical RAM or swap space
#   In 32 bit mode, the process size limit was hit
# Possible solutions:
#   Reduce memory load on the system
#   Increase physical memory or swap space
#   Check if swap backing store is full
#   Use 64 bit Java on a 64 bit OS
#   Decrease Java heap size (-Xmx/-Xms)
#   Decrease number of Java threads
#   Decrease Java thread stack sizes (-Xss)
#   Set larger code cache with -XX:ReservedCodeCacheSize=
# This output file may be truncated or incomplete.
#
#  Out of Memory Error (allocation.cpp:390), pid=5240, tid=12512
#
# JRE version: Java(TM) SE Runtime Environment (8.0_91-b15) (build 1.8.0_91-b15)
# Java VM: Java HotSpot(TM) 64-Bit Server VM (25.91-b15 mixed mode windows-amd64 compressed oops)
# Failed to write core dump. Minidumps are not enabled by default on client versions of Windows
#

---------------  T H R E A D  ---------------

Current thread (0x000000001584b800):  JavaThread "C2 CompilerThread0" daemon [_thread_in_native, id=12512, stack(0x0000000017160000,0x0000000017260000)]

Stack: [0x0000000017160000,0x0000000017260000]
[error occurred during error reporting (printing stack bounds), id 0xc0000005]

Native frames: (J=compiled Java code, j=interpreted, Vv=VM code, C=native code)


Current CompileTask:
C2:   6608 1825       4       java.net.URLClassLoader$1::run (5 bytes)


---------------  P R O C E S S  ---------------

Java Threads: ( => current thread )
  0x0000000018824000 JavaThread "Cache worker for journal cache (C:\Users\QI\.gradle\caches\journal-1)" [_thread_blocked, id=16456, stack(0x000000001d610000,0x000000001d710000)]
  0x0000000018821000 JavaThread "Cache worker for file hash cache (E:\music\android\.gradle\4.10.2\fileHashes)" [_thread_blocked, id=1808, stack(0x000000001c050000,0x000000001c150000)]
  0x0000000018822800 JavaThread "File lock request listener" [_thread_in_native, id=2132, stack(0x000000001af80000,0x000000001b080000)]
  0x0000000018823000 JavaThread "Cache worker for file hash cache (C:\Users\QI\.gradle\caches\4.10.2\fileHashes)" [_thread_blocked, id=8596, stack(0x0000000019c00000,0x0000000019d00000)]
  0x00000000184b5000 JavaThread "Stdin handler" [_thread_blocked, id=9584, stack(0x0000000019900000,0x0000000019a00000)]
  0x000000001849c800 JavaThread "Asynchronous log dispatcher for DefaultDaemonConnection: socket connection from /127.0.0.1:57775 to /127.0.0.1:57777" [_thread_blocked, id=8824, stack(0x0000000019800000,0x0000000019900000)]
  0x0000000018484000 JavaThread "Daemon worker" [_thread_in_vm, id=2788, stack(0x0000000019700000,0x0000000019800000)]
  0x0000000018483800 JavaThread "Cancel handler" [_thread_blocked, id=12704, stack(0x0000000019600000,0x0000000019700000)]
  0x0000000018480800 JavaThread "Handler for socket connection from /127.0.0.1:57775 to /127.0.0.1:57777" [_thread_in_native, id=8368, stack(0x0000000019500000,0x0000000019600000)]
  0x000000001847f800 JavaThread "Daemon" [_thread_blocked, id=15196, stack(0x0000000019400000,0x0000000019500000)]
  0x00000000183ff800 JavaThread "Daemon periodic checks" [_thread_blocked, id=16364, stack(0x0000000019300000,0x0000000019400000)]
  0x0000000018414800 JavaThread "Incoming local TCP Connector on port 57775" [_thread_in_native, id=3232, stack(0x0000000019150000,0x0000000019250000)]
  0x000000001831d800 JavaThread "Daemon health stats" [_thread_blocked, id=17064, stack(0x0000000018e30000,0x0000000018f30000)]
  0x0000000016be4800 JavaThread "Service Thread" daemon [_thread_blocked, id=16212, stack(0x0000000017460000,0x0000000017560000)]
  0x0000000016b6c000 JavaThread "C1 CompilerThread2" daemon [_thread_blocked, id=1708, stack(0x0000000017360000,0x0000000017460000)]
  0x0000000016b69000 JavaThread "C2 CompilerThread1" daemon [_thread_in_native, id=16612, stack(0x0000000017260000,0x0000000017360000)]
=>0x000000001584b800 JavaThread "C2 CompilerThread0" daemon [_thread_in_native, id=12512, stack(0x0000000017160000,0x0000000017260000)]
  0x0000000015800000 JavaThread "Attach Listener" daemon [_thread_blocked, id=6748, stack(0x0000000017060000,0x0000000017160000)]
  0x00000000157ff000 JavaThread "Signal Dispatcher" daemon [_thread_blocked, id=12744, stack(0x0000000016f60000,0x0000000017060000)]
  0x00000000157da800 JavaThread "Finalizer" daemon [_thread_blocked, id=756, stack(0x0000000016a60000,0x0000000016b60000)]
  0x0000000003110000 JavaThread "Reference Handler" daemon [_thread_blocked, id=9292, stack(0x0000000016960000,0x0000000016a60000)]
  0x000000000301e000 JavaThread "main" [_thread_blocked, id=232, stack(0x0000000002eb0000,0x0000000002fb0000)]

Other Threads:
  0x00000000157b7800 VMThread [stack: 0x0000000016860000,0x0000000016960000] [id=9104]
  0x0000000016c2b000 WatcherThread [stack: 0x0000000017560000,0x0000000017660000] [id=10312]

VM state:not at safepoint (normal execution)

VM Mutex/Monitor currently owned by a thread: None

Heap:
 PSYoungGen      total 56832K, used 23626K [0x00000000eab00000, 0x00000000ef980000, 0x0000000100000000)
  eden space 52736K, 37% used [0x00000000eab00000,0x00000000ebe4b778,0x00000000ede80000)
  from space 4096K, 94% used [0x00000000ef580000,0x00000000ef947290,0x00000000ef980000)
  to   space 10752K, 0% used [0x00000000ee480000,0x00000000ee480000,0x00000000eef00000)
 ParOldGen       total 62464K, used 9156K [0x00000000c0000000, 0x00000000c3d00000, 0x00000000eab00000)
  object space 62464K, 14% used [0x00000000c0000000,0x00000000c08f12d0,0x00000000c3d00000)
 Metaspace       used 25852K, capacity 26210K, committed 26544K, reserved 1073152K
  class space    used 3589K, capacity 3752K, committed 3760K, reserved 1048576K

Card table byte_map: [0x00000000124e0000,0x00000000126f0000] byte_map_base: 0x0000000011ee0000

Marking Bits: (ParMarkBitMap*) 0x0000000053e12f70
 Begin Bits: [0x0000000012c50000, 0x0000000013c50000)
 End Bits:   [0x0000000013c50000, 0x0000000014c50000)

Polling page: 0x00000000013a0000

CodeCache: size=245760Kb used=8130Kb max_used=8155Kb free=237629Kb
 bounds [0x0000000003120000, 0x0000000003920000, 0x0000000012120000]
 total_blobs=2729 nmethods=2071 adapters=570
 compilation: enabled

Compilation events (10 events):
Event: 6.517 Thread 0x0000000016b6c000 2062       1       java.util.Formatter::access$000 (5 bytes)
Event: 6.517 Thread 0x0000000016b6c000 nmethod 2062 0x00000000038e2310 code [0x00000000038e2460, 0x00000000038e2550]
Event: 6.542 Thread 0x0000000016b6c000 2063       1       java.util.concurrent.locks.AbstractQueuedSynchronizer::compareAndSetState (13 bytes)
Event: 6.543 Thread 0x0000000016b6c000 nmethod 2063 0x00000000038e25d0 code [0x00000000038e2720, 0x00000000038e2850]
Event: 6.546 Thread 0x0000000016b6c000 2064       3       java.util.HashMap::values (27 bytes)
Event: 6.546 Thread 0x0000000016b6c000 nmethod 2064 0x00000000038e2890 code [0x00000000038e2a00, 0x00000000038e2d50]
Event: 6.546 Thread 0x0000000016b6c000 2065       3       java.util.HashMap$Values::iterator (12 bytes)
Event: 6.547 Thread 0x0000000016b6c000 nmethod 2065 0x00000000038e2e90 code [0x00000000038e3000, 0x00000000038e3268]
Event: 6.547 Thread 0x0000000016b6c000 2066       3       java.util.HashMap$ValueIterator::<init> (11 bytes)
Event: 6.547 Thread 0x0000000016b6c000 nmethod 2066 0x00000000038e3350 code [0x00000000038e34c0, 0x00000000038e3668]

GC Heap History (10 events):
Event: 4.024 GC heap before
{Heap before GC invocations=3 (full 0):
 PSYoungGen      total 37888K, used 37845K [0x00000000eab00000, 0x00000000ed500000, 0x0000000100000000)
  eden space 32768K, 100% used [0x00000000eab00000,0x00000000ecb00000,0x00000000ecb00000)
  from space 5120K, 99% used [0x00000000ed000000,0x00000000ed4f57e8,0x00000000ed500000)
  to   space 5120K, 0% used [0x00000000ecb00000,0x00000000ecb00000,0x00000000ed000000)
 ParOldGen       total 86016K, used 16K [0x00000000c0000000, 0x00000000c5400000, 0x00000000eab00000)
  object space 86016K, 0% used [0x00000000c0000000,0x00000000c0004000,0x00000000c5400000)
 Metaspace       used 13343K, capacity 13636K, committed 13824K, reserved 1060864K
  class space    used 1916K, capacity 2036K, committed 2048K, reserved 1048576K
Event: 4.032 GC heap after
Heap after GC invocations=3 (full 0):
 PSYoungGen      total 37888K, used 5116K [0x00000000eab00000, 0x00000000ed500000, 0x0000000100000000)
  eden space 32768K, 0% used [0x00000000eab00000,0x00000000eab00000,0x00000000ecb00000)
  from space 5120K, 99% used [0x00000000ecb00000,0x00000000ecfff110,0x00000000ed000000)
  to   space 5120K, 0% used [0x00000000ed000000,0x00000000ed000000,0x00000000ed500000)
 ParOldGen       total 86016K, used 2089K [0x00000000c0000000, 0x00000000c5400000, 0x00000000eab00000)
  object space 86016K, 2% used [0x00000000c0000000,0x00000000c020a6e0,0x00000000c5400000)
 Metaspace       used 13343K, capacity 13636K, committed 13824K, reserved 1060864K
  class space    used 1916K, capacity 2036K, committed 2048K, reserved 1048576K
}
Event: 4.826 GC heap before
{Heap before GC invocations=4 (full 0):
 PSYoungGen      total 37888K, used 37884K [0x00000000eab00000, 0x00000000ed500000, 0x0000000100000000)
  eden space 32768K, 100% used [0x00000000eab00000,0x00000000ecb00000,0x00000000ecb00000)
  from space 5120K, 99% used [0x00000000ecb00000,0x00000000ecfff110,0x00000000ed000000)
  to   space 5120K, 0% used [0x00000000ed000000,0x00000000ed000000,0x00000000ed500000)
 ParOldGen       total 86016K, used 2089K [0x00000000c0000000, 0x00000000c5400000, 0x00000000eab00000)
  object space 86016K, 2% used [0x00000000c0000000,0x00000000c020a6e0,0x00000000c5400000)
 Metaspace       used 16308K, capacity 16628K, committed 17024K, reserved 1062912K
  class space    used 2408K, capacity 2590K, committed 2688K, reserved 1048576K
Event: 4.842 GC heap after
Heap after GC invocations=4 (full 0):
 PSYoungGen      total 37888K, used 5096K [0x00000000eab00000, 0x00000000ed500000, 0x0000000100000000)
  eden space 32768K, 0% used [0x00000000eab00000,0x00000000eab00000,0x00000000ecb00000)
  from space 5120K, 99% used [0x00000000ed000000,0x00000000ed4fa040,0x00000000ed500000)
  to   space 5120K, 0% used [0x00000000ecb00000,0x00000000ecb00000,0x00000000ed000000)
 ParOldGen       total 86016K, used 5249K [0x00000000c0000000, 0x00000000c5400000, 0x00000000eab00000)
  object space 86016K, 6% used [0x00000000c0000000,0x00000000c05204f0,0x00000000c5400000)
 Metaspace       used 16308K, capacity 16628K, committed 17024K, reserved 1062912K
  class space    used 2408K, capacity 2590K, committed 2688K, reserved 1048576K
}
Event: 5.351 GC heap before
{Heap before GC invocations=5 (full 0):
 PSYoungGen      total 37888K, used 30455K [0x00000000eab00000, 0x00000000ed500000, 0x0000000100000000)
  eden space 32768K, 77% used [0x00000000eab00000,0x00000000ec3c3da8,0x00000000ecb00000)
  from space 5120K, 99% used [0x00000000ed000000,0x00000000ed4fa040,0x00000000ed500000)
  to   space 5120K, 0% used [0x00000000ecb00000,0x00000000ecb00000,0x00000000ed000000)
 ParOldGen       total 86016K, used 5249K [0x00000000c0000000, 0x00000000c5400000, 0x00000000eab00000)
  object space 86016K, 6% used [0x00000000c0000000,0x00000000c05204f0,0x00000000c5400000)
 Metaspace       used 20842K, capacity 21178K, committed 21296K, reserved 1067008K
  class space    used 2976K, capacity 3103K, committed 3120K, reserved 1048576K
Event: 5.360 GC heap after
Heap after GC invocations=5 (full 0):
 PSYoungGen      total 37888K, used 5100K [0x00000000eab00000, 0x00000000f0000000, 0x0000000100000000)
  eden space 32768K, 0% used [0x00000000eab00000,0x00000000eab00000,0x00000000ecb00000)
  from space 5120K, 99% used [0x00000000ecb00000,0x00000000ecffb050,0x00000000ed000000)
  to   space 10752K, 0% used [0x00000000ef580000,0x00000000ef580000,0x00000000f0000000)
 ParOldGen       total 86016K, used 9035K [0x00000000c0000000, 0x00000000c5400000, 0x00000000eab00000)
  object space 86016K, 10% used [0x00000000c0000000,0x00000000c08d2c78,0x00000000c5400000)
 Metaspace       used 20842K, capacity 21178K, committed 21296K, reserved 1067008K
  class space    used 2976K, capacity 3103K, committed 3120K, reserved 1048576K
}
Event: 5.360 GC heap before
{Heap before GC invocations=6 (full 1):
 PSYoungGen      total 37888K, used 5100K [0x00000000eab00000, 0x00000000f0000000, 0x0000000100000000)
  eden space 32768K, 0% used [0x00000000eab00000,0x00000000eab00000,0x00000000ecb00000)
  from space 5120K, 99% used [0x00000000ecb00000,0x00000000ecffb050,0x00000000ed000000)
  to   space 10752K, 0% used [0x00000000ef580000,0x00000000ef580000,0x00000000f0000000)
 ParOldGen       total 86016K, used 9035K [0x00000000c0000000, 0x00000000c5400000, 0x00000000eab00000)
  object space 86016K, 10% used [0x00000000c0000000,0x00000000c08d2c78,0x00000000c5400000)
 Metaspace       used 20842K, capacity 21178K, committed 21296K, reserved 1067008K
  class space    used 2976K, capacity 3103K, committed 3120K, reserved 1048576K
Event: 5.410 GC heap after
Heap after GC invocations=6 (full 1):
 PSYoungGen      total 37888K, used 0K [0x00000000eab00000, 0x00000000f0000000, 0x0000000100000000)
  eden space 32768K, 0% used [0x00000000eab00000,0x00000000eab00000,0x00000000ecb00000)
  from space 5120K, 0% used [0x00000000ecb00000,0x00000000ecb00000,0x00000000ed000000)
  to   space 10752K, 0% used [0x00000000ef580000,0x00000000ef580000,0x00000000f0000000)
 ParOldGen       total 62464K, used 9148K [0x00000000c0000000, 0x00000000c3d00000, 0x00000000eab00000)
  object space 62464K, 14% used [0x00000000c0000000,0x00000000c08ef2d0,0x00000000c3d00000)
 Metaspace       used 20842K, capacity 21178K, committed 21296K, reserved 1067008K
  class space    used 2976K, capacity 3103K, committed 3120K, reserved 1048576K
}
Event: 6.051 GC heap before
{Heap before GC invocations=7 (full 1):
 PSYoungGen      total 37888K, used 32768K [0x00000000eab00000, 0x00000000f0000000, 0x0000000100000000)
  eden space 32768K, 100% used [0x00000000eab00000,0x00000000ecb00000,0x00000000ecb00000)
  from space 5120K, 0% used [0x00000000ecb00000,0x00000000ecb00000,0x00000000ed000000)
  to   space 10752K, 0% used [0x00000000ef580000,0x00000000ef580000,0x00000000f0000000)
 ParOldGen       total 62464K, used 9148K [0x00000000c0000000, 0x00000000c3d00000, 0x00000000eab00000)
  object space 62464K, 14% used [0x00000000c0000000,0x00000000c08ef2d0,0x00000000c3d00000)
 Metaspace       used 23961K, capacity 24336K, committed 24496K, reserved 1071104K
  class space    used 3358K, capacity 3491K, committed 3504K, reserved 1048576K
Event: 6.066 GC heap after
Heap after GC invocations=7 (full 1):
 PSYoungGen      total 56832K, used 3868K [0x00000000eab00000, 0x00000000ef980000, 0x0000000100000000)
  eden space 52736K, 0% used [0x00000000eab00000,0x00000000eab00000,0x00000000ede80000)
  from space 4096K, 94% used [0x00000000ef580000,0x00000000ef947290,0x00000000ef980000)
  to   space 10752K, 0% used [0x00000000ee480000,0x00000000ee480000,0x00000000eef00000)
 ParOldGen       total 62464K, used 9156K [0x00000000c0000000, 0x00000000c3d00000, 0x00000000eab00000)
  object space 62464K, 14% used [0x00000000c0000000,0x00000000c08f12d0,0x00000000c3d00000)
 Metaspace       used 23961K, capacity 24336K, committed 24496K, reserved 1071104K
  class space    used 3358K, capacity 3491K, committed 3504K, reserved 1048576K
}

Deoptimization events (10 events):
Event: 5.585 Thread 0x0000000018484000 Uncommon trap: reason=class_check action=maybe_recompile pc=0x00000000036758ec method=sun.misc.URLClassPath.getResource(Ljava/lang/String;Z)Lsun/misc/Resource; @ 62
Event: 5.588 Thread 0x0000000018484000 Uncommon trap: reason=unstable_if action=reinterpret pc=0x00000000035addc4 method=java.lang.ClassLoader.getClassLoadingLock(Ljava/lang/String;)Ljava/lang/Object; @ 6
Event: 5.616 Thread 0x0000000018484000 Uncommon trap: reason=class_check action=maybe_recompile pc=0x00000000032e76bc method=sun.misc.URLClassPath.getLoader(I)Lsun/misc/URLClassPath$Loader; @ 193
Event: 5.641 Thread 0x0000000018484000 Uncommon trap: reason=class_check action=maybe_recompile pc=0x00000000032e76bc method=sun.misc.URLClassPath.getLoader(I)Lsun/misc/URLClassPath$Loader; @ 193
Event: 5.960 Thread 0x0000000018484000 Uncommon trap: reason=unstable_if action=reinterpret pc=0x00000000035a46e0 method=java.util.HashMap.hash(Ljava/lang/Object;)I @ 1
Event: 6.176 Thread 0x0000000018484000 Uncommon trap: reason=unstable_if action=reinterpret pc=0x0000000003397eb8 method=java.util.HashMap.getNode(ILjava/lang/Object;)Ljava/util/HashMap$Node; @ 53
Event: 6.176 Thread 0x0000000018484000 Uncommon trap: reason=unstable_if action=reinterpret pc=0x00000000033a47b0 method=java.util.HashMap.hash(Ljava/lang/Object;)I @ 1
Event: 6.176 Thread 0x0000000018484000 Uncommon trap: reason=unstable_if action=reinterpret pc=0x000000000356e9b0 method=java.util.HashMap.putVal(ILjava/lang/Object;Ljava/lang/Object;ZZ)Ljava/lang/Object; @ 85
Event: 6.212 Thread 0x0000000018484000 Uncommon trap: reason=unstable_if action=reinterpret pc=0x00000000033e3970 method=java.util.LinkedHashMap.afterNodeInsertion(Z)V @ 1
Event: 6.549 Thread 0x0000000018484000 Uncommon trap: reason=class_check action=maybe_recompile pc=0x00000000032e7528 method=sun.misc.URLClassPath.getLoader(I)Lsun/misc/URLClassPath$Loader; @ 94

Internal exceptions (10 events):
Event: 5.661 Thread 0x0000000018484000 Exception <a 'java/lang/ClassNotFoundException': org/gradle/api/internal/project/AbstractPluginAwareBeanInfo> (0x00000000eb7b6ec8) thrown at [C:\re\workspace\8-2-build-windows-amd64-cygwin\jdk8u91\7017\hotspot\src\share\vm\classfile\systemDictionary.cpp, lÖçž‡<¦@
Event: 5.662 Thread 0x0000000018484000 Exception <a 'java/lang/ClassNotFoundException': org/gradle/api/internal/project/AbstractPluginAwareCustomizer> (0x00000000eb7e2f88) thrown at [C:\re\workspace\8-2-build-windows-amd64-cygwin\jdk8u91\7017\hotspot\src\share\vm\classfile\systemDictionary.cpp,9–Â:¨@
Event: 5.664 Thread 0x0000000018484000 Exception <a 'java/lang/ClassNotFoundException': org/gradle/initialization/DefaultSettingsCustomizer> (0x00000000eb812558) thrown at [C:\re\workspace\8-2-build-windows-amd64-cygwin\jdk8u91\7017\hotspot\src\share\vm\classfile\systemDictionary.cpp, line 210]ó±
Event: 5.670 Thread 0x0000000018484000 Exception <a 'java/lang/ClassNotFoundException': org/gradle/initialization/DefaultSettings_DecoratedCustomizer> (0x00000000eb87d140) thrown at [C:\re\workspace\8-2-build-windows-amd64-cygwin\jdk8u91\7017\hotspot\src\share\vm\classfile\systemDictionary.cpp,¶¸zqÈ@
Event: 5.696 Thread 0x0000000018484000 Exception <a 'java/lang/ClassNotFoundException': org/gradle/initialization/DefaultProjectDescriptorBeanInfo> (0x00000000eb94eb28) thrown at [C:\re\workspace\8-2-build-windows-amd64-cygwin\jdk8u91\7017\hotspot\src\share\vm\classfile\systemDictionary.cpp, li
Event: 5.697 Thread 0x0000000018484000 Exception <a 'java/lang/ClassNotFoundException': org/gradle/initialization/DefaultProjectDescriptorCustomizer> (0x00000000eb97a0b8) thrown at [C:\re\workspace\8-2-build-windows-amd64-cygwin\jdk8u91\7017\hotspot\src\share\vm\classfile\systemDictionary.cpp, Qµ1ê8@
Event: 5.806 Thread 0x0000000018484000 Exception <a 'java/lang/ClassNotFoundException': java/io/FileBeanInfo> (0x00000000ebd1b2b8) thrown at [C:\re\workspace\8-2-build-windows-amd64-cygwin\jdk8u91\7017\hotspot\src\share\vm\classfile\systemDictionary.cpp, line 210]
Event: 5.806 Thread 0x0000000018484000 Exception <a 'java/lang/ClassNotFoundException': java/io/FileCustomizer> (0x00000000ebd1e098) thrown at [C:\re\workspace\8-2-build-windows-amd64-cygwin\jdk8u91\7017\hotspot\src\share\vm\classfile\systemDictionary.cpp, line 210]
Event: 5.960 Thread 0x0000000018484000 Implicit null exception at 0x00000000035a44d5 to 0x00000000035a46d1
Event: 6.176 Thread 0x0000000018484000 Implicit null exception at 0x00000000033a4718 to 0x00000000033a47a6

Events (10 events):
Event: 6.515 loading class org/gradle/configuration/ProjectScriptTarget done
Event: 6.515 loading class org/gradle/api/internal/project/ProjectScript
Event: 6.515 loading class org/gradle/api/internal/project/ProjectScript done
Event: 6.540 Thread 0x0000000018484000 DEOPT PACKING pc=0x000000000344dedb sp=0x00000000197fb7d0
Event: 6.540 Thread 0x0000000018484000 DEOPT UNPACKING pc=0x000000000316787f sp=0x00000000197fb5e8 mode 0
Event: 6.548 Thread 0x0000000018484000 Uncommon trap: trap_request=0xffffffde fr.pc=0x00000000032e7528
Event: 6.548 Executing VM operation: RevokeBias
Event: 6.549 Executing VM operation: RevokeBias done
Event: 6.549 Thread 0x0000000018484000 DEOPT PACKING pc=0x00000000032e7528 sp=0x00000000197fb1e0
Event: 6.549 Thread 0x0000000018484000 DEOPT UNPACKING pc=0x000000000316582a sp=0x00000000197fb168 mode 2


Dynamic libraries:
0x00007ff6b76b0000 - 0x00007ff6b76e7000 	C:\Program Files\Java\jdk1.8.0_91\bin\java.exe
0x00007ffb56100000 - 0x00007ffb562e1000 	C:\WINDOWS\SYSTEM32\ntdll.dll
0x00007ffb54080000 - 0x00007ffb54131000 	C:\WINDOWS\System32\KERNEL32.DLL
0x00007ffb52f70000 - 0x00007ffb531e3000 	C:\WINDOWS\System32\KERNELBASE.dll
0x00007ffb54650000 - 0x00007ffb546f1000 	C:\WINDOWS\System32\ADVAPI32.dll
0x00007ffb53cf0000 - 0x00007ffb53d8e000 	C:\WINDOWS\System32\msvcrt.dll
0x00007ffb545f0000 - 0x00007ffb5464b000 	C:\WINDOWS\System32\sechost.dll
0x00007ffb53d90000 - 0x00007ffb53eb4000 	C:\WINDOWS\System32\RPCRT4.dll
0x00007ffb53ec0000 - 0x00007ffb54050000 	C:\WINDOWS\System32\USER32.dll
0x00007ffb52760000 - 0x00007ffb52780000 	C:\WINDOWS\System32\win32u.dll
0x00007ffb54050000 - 0x00007ffb54078000 	C:\WINDOWS\System32\GDI32.dll
0x00007ffb533f0000 - 0x00007ffb53582000 	C:\WINDOWS\System32\gdi32full.dll
0x00007ffb524d0000 - 0x00007ffb5256f000 	C:\WINDOWS\System32\msvcp_win.dll
0x00007ffb53240000 - 0x00007ffb53338000 	C:\WINDOWS\System32\ucrtbase.dll
0x00007ffb470a0000 - 0x00007ffb47309000 	C:\WINDOWS\WinSxS\amd64_microsoft.windows.common-controls_6595b64144ccf1df_6.0.17134.706_none_fb43a2cb30647007\COMCTL32.dll
0x00007ffb53730000 - 0x00007ffb53a52000 	C:\WINDOWS\System32\combase.dll
0x00007ffb52780000 - 0x00007ffb527fa000 	C:\WINDOWS\System32\bcryptPrimitives.dll
0x00007ffb55f80000 - 0x00007ffb55fad000 	C:\WINDOWS\System32\IMM32.DLL
0x0000000053ea0000 - 0x0000000053f72000 	C:\Program Files\Java\jdk1.8.0_91\jre\bin\msvcr100.dll
0x0000000053600000 - 0x0000000053e93000 	C:\Program Files\Java\jdk1.8.0_91\jre\bin\server\jvm.dll
0x00007ffb55fb0000 - 0x00007ffb55fb8000 	C:\WINDOWS\System32\PSAPI.DLL
0x00007ffb51250000 - 0x00007ffb51259000 	C:\WINDOWS\SYSTEM32\WSOCK32.dll
0x00007ffb4e500000 - 0x00007ffb4e523000 	C:\WINDOWS\SYSTEM32\WINMM.dll
0x00007ffb55cc0000 - 0x00007ffb55d2c000 	C:\WINDOWS\System32\WS2_32.dll
0x00007ffb4d140000 - 0x00007ffb4d14a000 	C:\WINDOWS\SYSTEM32\VERSION.dll
0x00007ffb4e4d0000 - 0x00007ffb4e4fa000 	C:\WINDOWS\SYSTEM32\WINMMBASE.dll
0x00007ffb531f0000 - 0x00007ffb53239000 	C:\WINDOWS\System32\cfgmgr32.dll
0x00000000535f0000 - 0x00000000535ff000 	C:\Program Files\Java\jdk1.8.0_91\jre\bin\verify.dll
0x00000000535c0000 - 0x00000000535e9000 	C:\Program Files\Java\jdk1.8.0_91\jre\bin\java.dll
0x00000000535a0000 - 0x00000000535b6000 	C:\Program Files\Java\jdk1.8.0_91\jre\bin\zip.dll
0x00007ffb54880000 - 0x00007ffb55cc0000 	C:\WINDOWS\System32\SHELL32.dll
0x00007ffb55fc0000 - 0x00007ffb56069000 	C:\WINDOWS\System32\shcore.dll
0x00007ffb52860000 - 0x00007ffb52f6d000 	C:\WINDOWS\System32\windows.storage.dll
0x00007ffb55f20000 - 0x00007ffb55f71000 	C:\WINDOWS\System32\shlwapi.dll
0x00007ffb52490000 - 0x00007ffb524a1000 	C:\WINDOWS\System32\kernel.appcore.dll
0x00007ffb524b0000 - 0x00007ffb524cf000 	C:\WINDOWS\System32\profapi.dll
0x00007ffb52420000 - 0x00007ffb5246c000 	C:\WINDOWS\System32\powrprof.dll
0x00007ffb52410000 - 0x00007ffb5241a000 	C:\WINDOWS\System32\FLTLIB.DLL
0x0000000053580000 - 0x000000005359a000 	C:\Program Files\Java\jdk1.8.0_91\jre\bin\net.dll
0x00007ffb51c10000 - 0x00007ffb51c76000 	C:\WINDOWS\system32\mswsock.dll
0x0000000053560000 - 0x0000000053571000 	C:\Program Files\Java\jdk1.8.0_91\jre\bin\nio.dll
0x00007ffb4adc0000 - 0x00007ffb4adde000 	C:\Users\QI\.gradle\native\25\windows-amd64\native-platform.dll
0x0000000053550000 - 0x000000005355d000 	C:\Program Files\Java\jdk1.8.0_91\jre\bin\management.dll
0x00007ffb51dc0000 - 0x00007ffb51dd7000 	C:\WINDOWS\SYSTEM32\CRYPTSP.dll
0x00007ffb517f0000 - 0x00007ffb51823000 	C:\WINDOWS\system32\rsaenh.dll
0x00007ffb51f50000 - 0x00007ffb51f75000 	C:\WINDOWS\SYSTEM32\bcrypt.dll
0x00007ffb52310000 - 0x00007ffb52338000 	C:\WINDOWS\SYSTEM32\USERENV.dll
0x00007ffb51de0000 - 0x00007ffb51deb000 	C:\WINDOWS\SYSTEM32\CRYPTBASE.dll
0x00007ffb51990000 - 0x00007ffb519c8000 	C:\WINDOWS\SYSTEM32\IPHLPAPI.DLL
0x00007ffb53c40000 - 0x00007ffb53c48000 	C:\WINDOWS\System32\NSI.dll
0x00007ffb4c090000 - 0x00007ffb4c0a6000 	C:\WINDOWS\SYSTEM32\dhcpcsvc6.DLL
0x00007ffb4c060000 - 0x00007ffb4c07a000 	C:\WINDOWS\SYSTEM32\dhcpcsvc.DLL

VM Arguments:
jvm_args: -XX:+HeapDumpOnOutOfMemoryError -Xmx1024m -Dfile.encoding=GBK -Duser.country=CN -Duser.language=zh -Duser.variant 
java_command: org.gradle.launcher.daemon.bootstrap.GradleDaemon 4.10.2
java_class_path (initial): C:\Users\QI\.gradle\wrapper\dists\gradle-4.10.2-all\9fahxiiecdb76a5g3aw9oi8rv\gradle-4.10.2\lib\gradle-launcher-4.10.2.jar
Launcher Type: SUN_STANDARD

Environment Variables:
JAVA_HOME=C:\Program Files\Java\jdk1.8.0_91
CLASSPATH=E:\music\android\\gradle\wrapper\gradle-wrapper.jar
PATH=C:\Users\QI\bin;C:\Program Files\Git\mingw64\bin;C:\Program Files\Git\usr\local\bin;C:\Program Files\Git\usr\bin;C:\Program Files\Git\usr\bin;C:\Program Files\Git\mingw64\bin;C:\Program Files\Git\usr\bin;C:\Users\QI\bin;C:\Program Files\Java\jdk1.8.0_91\bin;C:\ProgramData\Oracle\Java\javapath;C:\Program Files (x86)\NVIDIA Corporation\PhysX\Common;C:\WINDOWS\system32;C:\WINDOWS;C:\WINDOWS\System32\Wbem;C:\WINDOWS\System32\WindowsPowerShell\v1.0;C:\WINDOWS\System32\OpenSSH;C:\Program Files\Git\cmd;E:\node;C:\Users\QI\AppData\Local\Programs\Python\Python37\Scripts;C:\Users\QI\AppData\Local\Programs\Python\Python37;C:\Users\QI\AppData\Local\Microsoft\WindowsApps;C:\Users\QI\AppData\Local\Programs\Microsoft VS Code\bin;E:\mysql-5.7.25-winx64\bin;C:\Python27\Scripts;C:\Python27;C:\Users\QI\AppData\Roaming\npm;C:\Program Files\Git\usr\bin\vendor_perl;C:\Program Files\Git\usr\bin\core_perl
USERNAME=QI
SHELL=C:\Program Files\Git\usr\bin\bash.exe
DISPLAY=needs-to-be-defined
OS=Windows_NT
PROCESSOR_IDENTIFIER=Intel64 Family 6 Model 78 Stepping 3, GenuineIntel



---------------  S Y S T E M  ---------------

OS: Windows 10.0 , 64 bit Build 17134 (10.0.17134.706)

CPU:total 4 (2 cores per cpu, 2 threads per core) family 6 model 78 stepping 3, cmov, cx8, fxsr, mmx, sse, sse2, sse3, ssse3, sse4.1, sse4.2, popcnt, avx, avx2, aes, clmul, erms, 3dnowpref, lzcnt, ht, tsc, tscinvbit, bmi1, bmi2, adx

Memory: 4k page, physical 8223680k(1350496k free), swap 11369408k(10440k free)

vm_info: Java HotSpot(TM) 64-Bit Server VM (25.91-b15) for windows-amd64 JRE (1.8.0_91-b15), built on May 20 2016 17:43:15 by "java_re" with MS VC++ 10.0 (VS2010)

time: Fri May 03 13:52:39 2019
elapsed time: 6 seconds (0d 0h 0m 6s)

